# JRE version: Java(TM) SE Runtime Environment (8.0_251-b08) (build 1.8.0_251-b08)
# Java VM: Java HotSpot(TM) 64-Bit Server VM (25.251-b08 mixed mode windows-amd64 compressed oops)
Heap:
 PSYoungGen      total 76288K, used 18828K [0x000000076ad80000, 0x0000000770280000, 0x00000007c0000000)
  eden space 65536K, 12% used [0x000000076ad80000,0x000000076b56abe0,0x000000076ed80000)
  from space 10752K, 99% used [0x000000076f800000,0x00000007702785e8,0x0000000770280000)
  to   space 10752K, 0% used [0x000000076ed80000,0x000000076ed80000,0x000000076f800000)
 ParOldGen       total 175104K, used 39416K [0x00000006c0800000, 0x00000006cb300000, 0x000000076ad80000)
  object space 175104K, 22% used [0x00000006c0800000,0x00000006c2e7e020,0x00000006cb300000)
 Metaspace       used 12779K, capacity 13092K, committed 13440K, reserved 1060864K
  class space    used 1439K, capacity 1544K, committed 1664K, reserved 1048576K
GC Heap History (8 events):
Event: 56.174 GC heap before
{Heap before GC invocations=1 (full 0):
 PSYoungGen      total 76288K, used 65536K [0x000000076ad80000, 0x0000000770280000, 0x00000007c0000000)
  eden space 65536K, 100% used [0x000000076ad80000,0x000000076ed80000,0x000000076ed80000)
  from space 10752K, 0% used [0x000000076f800000,0x000000076f800000,0x0000000770280000)
  to   space 10752K, 0% used [0x000000076ed80000,0x000000076ed80000,0x000000076f800000)
 ParOldGen       total 175104K, used 0K [0x00000006c0800000, 0x00000006cb300000, 0x000000076ad80000)
  object space 175104K, 0% used [0x00000006c0800000,0x00000006c0800000,0x00000006cb300000)
 Metaspace       used 12522K, capacity 12772K, committed 12928K, reserved 1060864K
  class space    used 1437K, capacity 1544K, committed 1664K, reserved 1048576K
Event: 56.187 GC heap after
Heap after GC invocations=1 (full 0):
 PSYoungGen      total 76288K, used 7983K [0x000000076ad80000, 0x0000000770280000, 0x00000007c0000000)
  eden space 65536K, 0% used [0x000000076ad80000,0x000000076ad80000,0x000000076ed80000)
  from space 10752K, 74% used [0x000000076ed80000,0x000000076f54bf38,0x000000076f800000)
  to   space 10752K, 0% used [0x000000076f800000,0x000000076f800000,0x0000000770280000)
 ParOldGen       total 175104K, used 16408K [0x00000006c0800000, 0x00000006cb300000, 0x000000076ad80000)
  object space 175104K, 9% used [0x00000006c0800000,0x00000006c1806020,0x00000006cb300000)
 Metaspace       used 12522K, capacity 12772K, committed 12928K, reserved 1060864K
  class space    used 1437K, capacity 1544K, committed 1664K, reserved 1048576K
}
Event: 56.536 GC heap before
{Heap before GC invocations=2 (full 0):
 PSYoungGen      total 76288K, used 73519K [0x000000076ad80000, 0x0000000770280000, 0x00000007c0000000)
  eden space 65536K, 100% used [0x000000076ad80000,0x000000076ed80000,0x000000076ed80000)
  from space 10752K, 74% used [0x000000076ed80000,0x000000076f54bf38,0x000000076f800000)
  to   space 10752K, 0% used [0x000000076f800000,0x000000076f800000,0x0000000770280000)
 ParOldGen       total 175104K, used 16408K [0x00000006c0800000, 0x00000006cb300000, 0x000000076ad80000)
  object space 175104K, 9% used [0x00000006c0800000,0x00000006c1806020,0x00000006cb300000)
 Metaspace       used 12765K, capacity 13028K, committed 13184K, reserved 1060864K
  class space    used 1438K, capacity 1544K, committed 1664K, reserved 1048576K
Event: 56.552 GC heap after
Heap after GC invocations=2 (full 0):
 PSYoungGen      total 76288K, used 10737K [0x000000076ad80000, 0x0000000770280000, 0x00000007c0000000)
  eden space 65536K, 0% used [0x000000076ad80000,0x000000076ad80000,0x000000076ed80000)
  from space 10752K, 99% used [0x000000076f800000,0x000000077027c5f8,0x0000000770280000)
  to   space 10752K, 0% used [0x000000076ed80000,0x000000076ed80000,0x000000076f800000)
 ParOldGen       total 175104K, used 39328K [0x00000006c0800000, 0x00000006cb300000, 0x000000076ad80000)
  object space 175104K, 22% used [0x00000006c0800000,0x00000006c2e68020,0x00000006cb300000)
 Metaspace       used 12765K, capacity 13028K, committed 13184K, reserved 1060864K
  class space    used 1438K, capacity 1544K, committed 1664K, reserved 1048576K
}
Event: 57.361 GC heap before
{Heap before GC invocations=3 (full 0):
 PSYoungGen      total 76288K, used 76273K [0x000000076ad80000, 0x0000000770280000, 0x00000007c0000000)
  eden space 65536K, 100% used [0x000000076ad80000,0x000000076ed80000,0x000000076ed80000)
  from space 10752K, 99% used [0x000000076f800000,0x000000077027c5f8,0x0000000770280000)
  to   space 10752K, 0% used [0x000000076ed80000,0x000000076ed80000,0x000000076f800000)
 ParOldGen       total 175104K, used 39328K [0x00000006c0800000, 0x00000006cb300000, 0x000000076ad80000)
  object space 175104K, 22% used [0x00000006c0800000,0x00000006c2e68020,0x00000006cb300000)
 Metaspace       used 12777K, capacity 13092K, committed 13440K, reserved 1060864K
  class space    used 1438K, capacity 1544K, committed 1664K, reserved 1048576K
Event: 57.366 GC heap after
Heap after GC invocations=3 (full 0):
 PSYoungGen      total 76288K, used 10737K [0x000000076ad80000, 0x0000000770280000, 0x00000007c0000000)
  eden space 65536K, 0% used [0x000000076ad80000,0x000000076ad80000,0x000000076ed80000)
  from space 10752K, 99% used [0x000000076ed80000,0x000000076f7fc5d8,0x000000076f800000)
  to   space 10752K, 0% used [0x000000076f800000,0x000000076f800000,0x0000000770280000)
 ParOldGen       total 175104K, used 39368K [0x00000006c0800000, 0x00000006cb300000, 0x000000076ad80000)
  object space 175104K, 22% used [0x00000006c0800000,0x00000006c2e72020,0x00000006cb300000)
 Metaspace       used 12777K, capacity 13092K, committed 13440K, reserved 1060864K
  class space    used 1438K, capacity 1544K, committed 1664K, reserved 1048576K
}
Event: 58.177 GC heap before
{Heap before GC invocations=4 (full 0):
 PSYoungGen      total 76288K, used 76273K [0x000000076ad80000, 0x0000000770280000, 0x00000007c0000000)
  eden space 65536K, 100% used [0x000000076ad80000,0x000000076ed80000,0x000000076ed80000)
  from space 10752K, 99% used [0x000000076ed80000,0x000000076f7fc5d8,0x000000076f800000)
  to   space 10752K, 0% used [0x000000076f800000,0x000000076f800000,0x0000000770280000)
 ParOldGen       total 175104K, used 39368K [0x00000006c0800000, 0x00000006cb300000, 0x000000076ad80000)
  object space 175104K, 22% used [0x00000006c0800000,0x00000006c2e72020,0x00000006cb300000)
 Metaspace       used 12779K, capacity 13092K, committed 13440K, reserved 1060864K
  class space    used 1439K, capacity 1544K, committed 1664K, reserved 1048576K
Event: 58.182 GC heap after
Heap after GC invocations=4 (full 0):
 PSYoungGen      total 76288K, used 10721K [0x000000076ad80000, 0x0000000770280000, 0x00000007c0000000)
  eden space 65536K, 0% used [0x000000076ad80000,0x000000076ad80000,0x000000076ed80000)
  from space 10752K, 99% used [0x000000076f800000,0x00000007702785e8,0x0000000770280000)
  to   space 10752K, 0% used [0x000000076ed80000,0x000000076ed80000,0x000000076f800000)
 ParOldGen       total 175104K, used 39416K [0x00000006c0800000, 0x00000006cb300000, 0x000000076ad80000)
  object space 175104K, 22% used [0x00000006c0800000,0x00000006c2e7e020,0x00000006cb300000)
 Metaspace       used 12779K, capacity 13092K, committed 13440K, reserved 1060864K
  class space    used 1439K, capacity 1544K, committed 1664K, reserved 1048576K
}

