# JRE version: Java(TM) SE Runtime Environment (8.0_251-b08) (build 1.8.0_251-b08)
# Java VM: Java HotSpot(TM) 64-Bit Server VM (25.251-b08 mixed mode windows-amd64 compressed oops)
Heap:
 PSYoungGen      total 141824K, used 26374K [0x000000076ad80000, 0x0000000780280000, 0x00000007c0000000)
  eden space 131072K, 20% used [0x000000076ad80000,0x000000076c741be0,0x0000000772d80000)
  from space 10752K, 0% used [0x0000000772d80000,0x0000000772d80000,0x0000000773800000)
  to   space 43520K, 0% used [0x000000077d800000,0x000000077d800000,0x0000000780280000)
 ParOldGen       total 188928K, used 64988K [0x00000006c0800000, 0x00000006cc080000, 0x000000076ad80000)
  object space 188928K, 34% used [0x00000006c0800000,0x00000006c4777238,0x00000006cc080000)
 Metaspace       used 22974K, capacity 23350K, committed 23552K, reserved 1071104K
  class space    used 2730K, capacity 2807K, committed 2816K, reserved 1048576K
GC Heap History (10 events):
Event: 4.148 GC heap before
{Heap before GC invocations=2 (full 0):
 PSYoungGen      total 76288K, used 76272K [0x000000076ad80000, 0x0000000770280000, 0x00000007c0000000)
  eden space 65536K, 100% used [0x000000076ad80000,0x000000076ed80000,0x000000076ed80000)
  from space 10752K, 99% used [0x000000076ed80000,0x000000076f7fc068,0x000000076f800000)
  to   space 10752K, 0% used [0x000000076f800000,0x000000076f800000,0x0000000770280000)
 ParOldGen       total 175104K, used 4117K [0x00000006c0800000, 0x00000006cb300000, 0x000000076ad80000)
  object space 175104K, 2% used [0x00000006c0800000,0x00000006c0c055e8,0x00000006cb300000)
 Metaspace       used 15911K, capacity 16168K, committed 16384K, reserved 1062912K
  class space    used 1829K, capacity 1930K, committed 2048K, reserved 1048576K
Event: 4.160 GC heap after
Heap after GC invocations=2 (full 0):
 PSYoungGen      total 76288K, used 10736K [0x000000076ad80000, 0x0000000774280000, 0x00000007c0000000)
  eden space 65536K, 0% used [0x000000076ad80000,0x000000076ad80000,0x000000076ed80000)
  from space 10752K, 99% used [0x000000076f800000,0x000000077027c068,0x0000000770280000)
  to   space 10752K, 0% used [0x000000076ed80000,0x000000076ed80000,0x000000076f800000)
 ParOldGen       total 175104K, used 7416K [0x00000006c0800000, 0x00000006cb300000, 0x000000076ad80000)
  object space 175104K, 4% used [0x00000006c0800000,0x00000006c0f3e228,0x00000006cb300000)
 Metaspace       used 15911K, capacity 16168K, committed 16384K, reserved 1062912K
  class space    used 1829K, capacity 1930K, committed 2048K, reserved 1048576K
}
Event: 4.426 GC heap before
{Heap before GC invocations=3 (full 0):
 PSYoungGen      total 76288K, used 76272K [0x000000076ad80000, 0x0000000774280000, 0x00000007c0000000)
  eden space 65536K, 100% used [0x000000076ad80000,0x000000076ed80000,0x000000076ed80000)
  from space 10752K, 99% used [0x000000076f800000,0x000000077027c068,0x0000000770280000)
  to   space 10752K, 0% used [0x000000076ed80000,0x000000076ed80000,0x000000076f800000)
 ParOldGen       total 175104K, used 7416K [0x00000006c0800000, 0x00000006cb300000, 0x000000076ad80000)
  object space 175104K, 4% used [0x00000006c0800000,0x00000006c0f3e228,0x00000006cb300000)
 Metaspace       used 18475K, capacity 18752K, committed 19072K, reserved 1067008K
  class space    used 2236K, capacity 2318K, committed 2432K, reserved 1048576K
Event: 4.433 GC heap after
Heap after GC invocations=3 (full 0):
 PSYoungGen      total 76288K, used 10736K [0x000000076ad80000, 0x0000000774280000, 0x00000007c0000000)
  eden space 65536K, 0% used [0x000000076ad80000,0x000000076ad80000,0x000000076ed80000)
  from space 10752K, 99% used [0x000000076ed80000,0x000000076f7fc078,0x000000076f800000)
  to   space 10752K, 0% used [0x0000000773800000,0x0000000773800000,0x0000000774280000)
 ParOldGen       total 175104K, used 10880K [0x00000006c0800000, 0x00000006cb300000, 0x000000076ad80000)
  object space 175104K, 6% used [0x00000006c0800000,0x00000006c12a0158,0x00000006cb300000)
 Metaspace       used 18475K, capacity 18752K, committed 19072K, reserved 1067008K
  class space    used 2236K, capacity 2318K, committed 2432K, reserved 1048576K
}
Event: 5.556 GC heap before
{Heap before GC invocations=4 (full 0):
 PSYoungGen      total 76288K, used 76272K [0x000000076ad80000, 0x0000000774280000, 0x00000007c0000000)
  eden space 65536K, 100% used [0x000000076ad80000,0x000000076ed80000,0x000000076ed80000)
  from space 10752K, 99% used [0x000000076ed80000,0x000000076f7fc078,0x000000076f800000)
  to   space 10752K, 0% used [0x0000000773800000,0x0000000773800000,0x0000000774280000)
 ParOldGen       total 175104K, used 10880K [0x00000006c0800000, 0x00000006cb300000, 0x000000076ad80000)
  object space 175104K, 6% used [0x00000006c0800000,0x00000006c12a0158,0x00000006cb300000)
 Metaspace       used 18992K, capacity 19320K, committed 19584K, reserved 1067008K
  class space    used 2282K, capacity 2402K, committed 2432K, reserved 1048576K
Event: 5.574 GC heap after
Heap after GC invocations=4 (full 0):
 PSYoungGen      total 141824K, used 10729K [0x000000076ad80000, 0x0000000774280000, 0x00000007c0000000)
  eden space 131072K, 0% used [0x000000076ad80000,0x000000076ad80000,0x0000000772d80000)
  from space 10752K, 99% used [0x0000000773800000,0x000000077427a788,0x0000000774280000)
  to   space 10752K, 0% used [0x0000000772d80000,0x0000000772d80000,0x0000000773800000)
 ParOldGen       total 175104K, used 53383K [0x00000006c0800000, 0x00000006cb300000, 0x000000076ad80000)
  object space 175104K, 30% used [0x00000006c0800000,0x00000006c3c21e98,0x00000006cb300000)
 Metaspace       used 18992K, capacity 19320K, committed 19584K, reserved 1067008K
  class space    used 2282K, capacity 2402K, committed 2432K, reserved 1048576K
}
Event: 6.467 GC heap before
{Heap before GC invocations=5 (full 0):
 PSYoungGen      total 141824K, used 67737K [0x000000076ad80000, 0x0000000774280000, 0x00000007c0000000)
  eden space 131072K, 43% used [0x000000076ad80000,0x000000076e52bd20,0x0000000772d80000)
  from space 10752K, 99% used [0x0000000773800000,0x000000077427a788,0x0000000774280000)
  to   space 10752K, 0% used [0x0000000772d80000,0x0000000772d80000,0x0000000773800000)
 ParOldGen       total 175104K, used 53383K [0x00000006c0800000, 0x00000006cb300000, 0x000000076ad80000)
  object space 175104K, 30% used [0x00000006c0800000,0x00000006c3c21e98,0x00000006cb300000)
 Metaspace       used 20785K, capacity 21098K, committed 21296K, reserved 1069056K
  class space    used 2498K, capacity 2629K, committed 2688K, reserved 1048576K
Event: 6.480 GC heap after
Heap after GC invocations=5 (full 0):
 PSYoungGen      total 141824K, used 10720K [0x000000076ad80000, 0x0000000780280000, 0x00000007c0000000)
  eden space 131072K, 0% used [0x000000076ad80000,0x000000076ad80000,0x0000000772d80000)
  from space 10752K, 99% used [0x0000000772d80000,0x00000007737f8068,0x0000000773800000)
  to   space 43520K, 0% used [0x000000077d800000,0x000000077d800000,0x0000000780280000)
 ParOldGen       total 175104K, used 68969K [0x00000006c0800000, 0x00000006cb300000, 0x000000076ad80000)
  object space 175104K, 39% used [0x00000006c0800000,0x00000006c4b5a728,0x00000006cb300000)
 Metaspace       used 20785K, capacity 21098K, committed 21296K, reserved 1069056K
  class space    used 2498K, capacity 2629K, committed 2688K, reserved 1048576K
}
Event: 6.480 GC heap before
{Heap before GC invocations=6 (full 1):
 PSYoungGen      total 141824K, used 10720K [0x000000076ad80000, 0x0000000780280000, 0x00000007c0000000)
  eden space 131072K, 0% used [0x000000076ad80000,0x000000076ad80000,0x0000000772d80000)
  from space 10752K, 99% used [0x0000000772d80000,0x00000007737f8068,0x0000000773800000)
  to   space 43520K, 0% used [0x000000077d800000,0x000000077d800000,0x0000000780280000)
 ParOldGen       total 175104K, used 68969K [0x00000006c0800000, 0x00000006cb300000, 0x000000076ad80000)
  object space 175104K, 39% used [0x00000006c0800000,0x00000006c4b5a728,0x00000006cb300000)
 Metaspace       used 20785K, capacity 21098K, committed 21296K, reserved 1069056K
  class space    used 2498K, capacity 2629K, committed 2688K, reserved 1048576K
Event: 6.569 GC heap after
Heap after GC invocations=6 (full 1):
 PSYoungGen      total 141824K, used 0K [0x000000076ad80000, 0x0000000780280000, 0x00000007c0000000)
  eden space 131072K, 0% used [0x000000076ad80000,0x000000076ad80000,0x0000000772d80000)
  from space 10752K, 0% used [0x0000000772d80000,0x0000000772d80000,0x0000000773800000)
  to   space 43520K, 0% used [0x000000077d800000,0x000000077d800000,0x0000000780280000)
 ParOldGen       total 188928K, used 64988K [0x00000006c0800000, 0x00000006cc080000, 0x000000076ad80000)
  object space 188928K, 34% used [0x00000006c0800000,0x00000006c4777238,0x00000006cc080000)
 Metaspace       used 20777K, capacity 21086K, committed 21296K, reserved 1069056K
  class space    used 2497K, capacity 2627K, committed 2688K, reserved 1048576K
}

