# JRE version: Java(TM) SE Runtime Environment (8.0_251-b08) (build 1.8.0_251-b08)
# Java VM: Java HotSpot(TM) 64-Bit Server VM (25.251-b08 mixed mode windows-amd64 compressed oops)
Heap:
 PSYoungGen      total 141824K, used 101602K [0x000000076ad80000, 0x0000000784280000, 0x00000007c0000000)
  eden space 131072K, 77% used [0x000000076ad80000,0x00000007710b8a40,0x0000000772d80000)
  from space 10752K, 0% used [0x0000000772d80000,0x0000000772d80000,0x0000000773800000)
  to   space 76288K, 0% used [0x000000077f800000,0x000000077f800000,0x0000000784280000)
 ParOldGen       total 175104K, used 105871K [0x00000006c0800000, 0x00000006cb300000, 0x000000076ad80000)
  object space 175104K, 60% used [0x00000006c0800000,0x00000006c6f63e28,0x00000006cb300000)
 Metaspace       used 19465K, capacity 19768K, committed 20096K, reserved 1067008K
  class space    used 2285K, capacity 2402K, committed 2432K, reserved 1048576K
GC Heap History (10 events):
Event: 16.481 GC heap before
{Heap before GC invocations=2 (full 0):
 PSYoungGen      total 76288K, used 76262K [0x000000076ad80000, 0x0000000770280000, 0x00000007c0000000)
  eden space 65536K, 100% used [0x000000076ad80000,0x000000076ed80000,0x000000076ed80000)
  from space 10752K, 99% used [0x000000076ed80000,0x000000076f7f9960,0x000000076f800000)
  to   space 10752K, 0% used [0x000000076f800000,0x000000076f800000,0x0000000770280000)
 ParOldGen       total 175104K, used 4215K [0x00000006c0800000, 0x00000006cb300000, 0x000000076ad80000)
  object space 175104K, 2% used [0x00000006c0800000,0x00000006c0c1dc88,0x00000006cb300000)
 Metaspace       used 15974K, capacity 16250K, committed 16640K, reserved 1064960K
  class space    used 1838K, capacity 1933K, committed 2048K, reserved 1048576K
Event: 16.493 GC heap after
Heap after GC invocations=2 (full 0):
 PSYoungGen      total 76288K, used 10720K [0x000000076ad80000, 0x0000000774280000, 0x00000007c0000000)
  eden space 65536K, 0% used [0x000000076ad80000,0x000000076ad80000,0x000000076ed80000)
  from space 10752K, 99% used [0x000000076f800000,0x0000000770278058,0x0000000770280000)
  to   space 10752K, 0% used [0x000000076ed80000,0x000000076ed80000,0x000000076f800000)
 ParOldGen       total 175104K, used 7488K [0x00000006c0800000, 0x00000006cb300000, 0x000000076ad80000)
  object space 175104K, 4% used [0x00000006c0800000,0x00000006c0f50350,0x00000006cb300000)
 Metaspace       used 15974K, capacity 16250K, committed 16640K, reserved 1064960K
  class space    used 1838K, capacity 1933K, committed 2048K, reserved 1048576K
}
Event: 16.768 GC heap before
{Heap before GC invocations=3 (full 0):
 PSYoungGen      total 76288K, used 76256K [0x000000076ad80000, 0x0000000774280000, 0x00000007c0000000)
  eden space 65536K, 100% used [0x000000076ad80000,0x000000076ed80000,0x000000076ed80000)
  from space 10752K, 99% used [0x000000076f800000,0x0000000770278058,0x0000000770280000)
  to   space 10752K, 0% used [0x000000076ed80000,0x000000076ed80000,0x000000076f800000)
 ParOldGen       total 175104K, used 7488K [0x00000006c0800000, 0x00000006cb300000, 0x000000076ad80000)
  object space 175104K, 4% used [0x00000006c0800000,0x00000006c0f50350,0x00000006cb300000)
 Metaspace       used 18521K, capacity 18784K, committed 19072K, reserved 1067008K
  class space    used 2242K, capacity 2350K, committed 2432K, reserved 1048576K
Event: 16.777 GC heap after
Heap after GC invocations=3 (full 0):
 PSYoungGen      total 76288K, used 10736K [0x000000076ad80000, 0x0000000774280000, 0x00000007c0000000)
  eden space 65536K, 0% used [0x000000076ad80000,0x000000076ad80000,0x000000076ed80000)
  from space 10752K, 99% used [0x000000076ed80000,0x000000076f7fc078,0x000000076f800000)
  to   space 10752K, 0% used [0x0000000773800000,0x0000000773800000,0x0000000774280000)
 ParOldGen       total 175104K, used 10840K [0x00000006c0800000, 0x00000006cb300000, 0x000000076ad80000)
  object space 175104K, 6% used [0x00000006c0800000,0x00000006c1296178,0x00000006cb300000)
 Metaspace       used 18521K, capacity 18784K, committed 19072K, reserved 1067008K
  class space    used 2242K, capacity 2350K, committed 2432K, reserved 1048576K
}
Event: 18.030 GC heap before
{Heap before GC invocations=4 (full 0):
 PSYoungGen      total 76288K, used 76272K [0x000000076ad80000, 0x0000000774280000, 0x00000007c0000000)
  eden space 65536K, 100% used [0x000000076ad80000,0x000000076ed80000,0x000000076ed80000)
  from space 10752K, 99% used [0x000000076ed80000,0x000000076f7fc078,0x000000076f800000)
  to   space 10752K, 0% used [0x0000000773800000,0x0000000773800000,0x0000000774280000)
 ParOldGen       total 175104K, used 10840K [0x00000006c0800000, 0x00000006cb300000, 0x000000076ad80000)
  object space 175104K, 6% used [0x00000006c0800000,0x00000006c1296178,0x00000006cb300000)
 Metaspace       used 18955K, capacity 19296K, committed 19584K, reserved 1067008K
  class space    used 2280K, capacity 2398K, committed 2432K, reserved 1048576K
Event: 18.054 GC heap after
Heap after GC invocations=4 (full 0):
 PSYoungGen      total 141824K, used 10737K [0x000000076ad80000, 0x0000000774280000, 0x00000007c0000000)
  eden space 131072K, 0% used [0x000000076ad80000,0x000000076ad80000,0x0000000772d80000)
  from space 10752K, 99% used [0x0000000773800000,0x000000077427c798,0x0000000774280000)
  to   space 10752K, 0% used [0x0000000772d80000,0x0000000772d80000,0x0000000773800000)
 ParOldGen       total 175104K, used 68570K [0x00000006c0800000, 0x00000006cb300000, 0x000000076ad80000)
  object space 175104K, 39% used [0x00000006c0800000,0x00000006c4af69c0,0x00000006cb300000)
 Metaspace       used 18955K, capacity 19296K, committed 19584K, reserved 1067008K
  class space    used 2280K, capacity 2398K, committed 2432K, reserved 1048576K
}
Event: 34.472 GC heap before
{Heap before GC invocations=5 (full 0):
 PSYoungGen      total 141824K, used 141809K [0x000000076ad80000, 0x0000000774280000, 0x00000007c0000000)
  eden space 131072K, 100% used [0x000000076ad80000,0x0000000772d80000,0x0000000772d80000)
  from space 10752K, 99% used [0x0000000773800000,0x000000077427c798,0x0000000774280000)
  to   space 10752K, 0% used [0x0000000772d80000,0x0000000772d80000,0x0000000773800000)
 ParOldGen       total 175104K, used 68570K [0x00000006c0800000, 0x00000006cb300000, 0x000000076ad80000)
  object space 175104K, 39% used [0x00000006c0800000,0x00000006c4af69c0,0x00000006cb300000)
 Metaspace       used 19242K, capacity 19582K, committed 19840K, reserved 1067008K
  class space    used 2285K, capacity 2403K, committed 2432K, reserved 1048576K
Event: 34.510 GC heap after
Heap after GC invocations=5 (full 0):
 PSYoungGen      total 141824K, used 10729K [0x000000076ad80000, 0x0000000784280000, 0x00000007c0000000)
  eden space 131072K, 0% used [0x000000076ad80000,0x000000076ad80000,0x0000000772d80000)
  from space 10752K, 99% used [0x0000000772d80000,0x00000007737fa768,0x0000000773800000)
  to   space 76288K, 0% used [0x000000077f800000,0x000000077f800000,0x0000000784280000)
 ParOldGen       total 175104K, used 120066K [0x00000006c0800000, 0x00000006cb300000, 0x000000076ad80000)
  object space 175104K, 68% used [0x00000006c0800000,0x00000006c7d40be8,0x00000006cb300000)
 Metaspace       used 19242K, capacity 19582K, committed 19840K, reserved 1067008K
  class space    used 2285K, capacity 2403K, committed 2432K, reserved 1048576K
}
Event: 34.510 GC heap before
{Heap before GC invocations=6 (full 1):
 PSYoungGen      total 141824K, used 10729K [0x000000076ad80000, 0x0000000784280000, 0x00000007c0000000)
  eden space 131072K, 0% used [0x000000076ad80000,0x000000076ad80000,0x0000000772d80000)
  from space 10752K, 99% used [0x0000000772d80000,0x00000007737fa768,0x0000000773800000)
  to   space 76288K, 0% used [0x000000077f800000,0x000000077f800000,0x0000000784280000)
 ParOldGen       total 175104K, used 120066K [0x00000006c0800000, 0x00000006cb300000, 0x000000076ad80000)
  object space 175104K, 68% used [0x00000006c0800000,0x00000006c7d40be8,0x00000006cb300000)
 Metaspace       used 19242K, capacity 19582K, committed 19840K, reserved 1067008K
  class space    used 2285K, capacity 2403K, committed 2432K, reserved 1048576K
Event: 34.870 GC heap after
Heap after GC invocations=6 (full 1):
 PSYoungGen      total 141824K, used 0K [0x000000076ad80000, 0x0000000784280000, 0x00000007c0000000)
  eden space 131072K, 0% used [0x000000076ad80000,0x000000076ad80000,0x0000000772d80000)
  from space 10752K, 0% used [0x0000000772d80000,0x0000000772d80000,0x0000000773800000)
  to   space 76288K, 0% used [0x000000077f800000,0x000000077f800000,0x0000000784280000)
 ParOldGen       total 175104K, used 105871K [0x00000006c0800000, 0x00000006cb300000, 0x000000076ad80000)
  object space 175104K, 60% used [0x00000006c0800000,0x00000006c6f63e28,0x00000006cb300000)
 Metaspace       used 19238K, capacity 19576K, committed 19840K, reserved 1067008K
  class space    used 2284K, capacity 2402K, committed 2432K, reserved 1048576K
}

