# JRE version: Java(TM) SE Runtime Environment (8.0_251-b08) (build 1.8.0_251-b08)
# Java VM: Java HotSpot(TM) 64-Bit Server VM (25.251-b08 mixed mode windows-amd64 compressed oops)
Heap:
 PSYoungGen      total 1038336K, used 973567K [0x000000076ad80000, 0x00000007b2980000, 0x00000007c0000000)
  eden space 924672K, 94% used [0x000000076ad80000,0x00000007a0146280,0x00000007a3480000)
  from space 113664K, 89% used [0x00000007ab100000,0x00000007b13f9b00,0x00000007b2000000)
  to   space 125440K, 0% used [0x00000007a3480000,0x00000007a3480000,0x00000007aaf00000)
 ParOldGen       total 329728K, used 237689K [0x00000006c0800000, 0x00000006d4a00000, 0x000000076ad80000)
  object space 329728K, 72% used [0x00000006c0800000,0x00000006cf01e450,0x00000006d4a00000)
 Metaspace       used 25699K, capacity 26030K, committed 26240K, reserved 1073152K
  class space    used 2768K, capacity 2841K, committed 2944K, reserved 1048576K
GC Heap History (10 events):
Event: 558.724 GC heap before
{Heap before GC invocations=16 (full 2):
 PSYoungGen      total 693248K, used 615936K [0x000000076ad80000, 0x00000007a1300000, 0x00000007c0000000)
  eden space 615936K, 100% used [0x000000076ad80000,0x0000000790700000,0x0000000790700000)
  from space 77312K, 0% used [0x0000000790700000,0x0000000790700000,0x0000000795280000)
  to   space 79360K, 0% used [0x000000079c580000,0x000000079c580000,0x00000007a1300000)
 ParOldGen       total 329728K, used 172203K [0x00000006c0800000, 0x00000006d4a00000, 0x000000076ad80000)
  object space 329728K, 52% used [0x00000006c0800000,0x00000006cb02acf0,0x00000006d4a00000)
 Metaspace       used 25620K, capacity 25902K, committed 26240K, reserved 1073152K
  class space    used 2760K, capacity 2841K, committed 2944K, reserved 1048576K
Event: 558.749 GC heap after
Heap after GC invocations=16 (full 2):
 PSYoungGen      total 809472K, used 52996K [0x000000076ad80000, 0x00000007a3700000, 0x00000007c0000000)
  eden space 730112K, 0% used [0x000000076ad80000,0x000000076ad80000,0x0000000797680000)
  from space 79360K, 66% used [0x000000079c580000,0x000000079f9411d0,0x00000007a1300000)
  to   space 80896K, 0% used [0x0000000797680000,0x0000000797680000,0x000000079c580000)
 ParOldGen       total 329728K, used 172203K [0x00000006c0800000, 0x00000006d4a00000, 0x000000076ad80000)
  object space 329728K, 52% used [0x00000006c0800000,0x00000006cb02acf0,0x00000006d4a00000)
 Metaspace       used 25620K, capacity 25902K, committed 26240K, reserved 1073152K
  class space    used 2760K, capacity 2841K, committed 2944K, reserved 1048576K
}
Event: 660.967 GC heap before
{Heap before GC invocations=17 (full 2):
 PSYoungGen      total 809472K, used 783108K [0x000000076ad80000, 0x00000007a3700000, 0x00000007c0000000)
  eden space 730112K, 100% used [0x000000076ad80000,0x0000000797680000,0x0000000797680000)
  from space 79360K, 66% used [0x000000079c580000,0x000000079f9411d0,0x00000007a1300000)
  to   space 80896K, 0% used [0x0000000797680000,0x0000000797680000,0x000000079c580000)
 ParOldGen       total 329728K, used 172203K [0x00000006c0800000, 0x00000006d4a00000, 0x000000076ad80000)
  object space 329728K, 52% used [0x00000006c0800000,0x00000006cb02acf0,0x00000006d4a00000)
 Metaspace       used 25629K, capacity 25902K, committed 26240K, reserved 1073152K
  class space    used 2762K, capacity 2841K, committed 2944K, reserved 1048576K
Event: 661.023 GC heap after
Heap after GC invocations=17 (full 2):
 PSYoungGen      total 811008K, used 80873K [0x000000076ad80000, 0x00000007ac880000, 0x00000007c0000000)
  eden space 730112K, 0% used [0x000000076ad80000,0x000000076ad80000,0x0000000797680000)
  from space 80896K, 99% used [0x0000000797680000,0x000000079c57a6f8,0x000000079c580000)
  to   space 97792K, 0% used [0x00000007a6900000,0x00000007a6900000,0x00000007ac880000)
 ParOldGen       total 329728K, used 187167K [0x00000006c0800000, 0x00000006d4a00000, 0x000000076ad80000)
  object space 329728K, 56% used [0x00000006c0800000,0x00000006cbec7c10,0x00000006d4a00000)
 Metaspace       used 25629K, capacity 25902K, committed 26240K, reserved 1073152K
  class space    used 2762K, capacity 2841K, committed 2944K, reserved 1048576K
}
Event: 757.989 GC heap before
{Heap before GC invocations=18 (full 2):
 PSYoungGen      total 811008K, used 810985K [0x000000076ad80000, 0x00000007ac880000, 0x00000007c0000000)
  eden space 730112K, 100% used [0x000000076ad80000,0x0000000797680000,0x0000000797680000)
  from space 80896K, 99% used [0x0000000797680000,0x000000079c57a6f8,0x000000079c580000)
  to   space 97792K, 0% used [0x00000007a6900000,0x00000007a6900000,0x00000007ac880000)
 ParOldGen       total 329728K, used 187167K [0x00000006c0800000, 0x00000006d4a00000, 0x000000076ad80000)
  object space 329728K, 56% used [0x00000006c0800000,0x00000006cbec7c10,0x00000006d4a00000)
 Metaspace       used 25642K, capacity 25902K, committed 26240K, reserved 1073152K
  class space    used 2763K, capacity 2841K, committed 2944K, reserved 1048576K
Event: 758.049 GC heap after
Heap after GC invocations=18 (full 2):
 PSYoungGen      total 954368K, used 97760K [0x000000076ad80000, 0x00000007ad200000, 0x00000007c0000000)
  eden space 856576K, 0% used [0x000000076ad80000,0x000000076ad80000,0x000000079f200000)
  from space 97792K, 99% used [0x00000007a6900000,0x00000007ac878198,0x00000007ac880000)
  to   space 114688K, 0% used [0x000000079f200000,0x000000079f200000,0x00000007a6200000)
 ParOldGen       total 329728K, used 194566K [0x00000006c0800000, 0x00000006d4a00000, 0x000000076ad80000)
  object space 329728K, 59% used [0x00000006c0800000,0x00000006cc601a30,0x00000006d4a00000)
 Metaspace       used 25642K, capacity 25902K, committed 26240K, reserved 1073152K
  class space    used 2763K, capacity 2841K, committed 2944K, reserved 1048576K
}
Event: 873.354 GC heap before
{Heap before GC invocations=19 (full 2):
 PSYoungGen      total 954368K, used 954336K [0x000000076ad80000, 0x00000007ad200000, 0x00000007c0000000)
  eden space 856576K, 100% used [0x000000076ad80000,0x000000079f200000,0x000000079f200000)
  from space 97792K, 99% used [0x00000007a6900000,0x00000007ac878198,0x00000007ac880000)
  to   space 114688K, 0% used [0x000000079f200000,0x000000079f200000,0x00000007a6200000)
 ParOldGen       total 329728K, used 194566K [0x00000006c0800000, 0x00000006d4a00000, 0x000000076ad80000)
  object space 329728K, 59% used [0x00000006c0800000,0x00000006cc601a30,0x00000006d4a00000)
 Metaspace       used 25678K, capacity 25966K, committed 26240K, reserved 1073152K
  class space    used 2768K, capacity 2841K, committed 2944K, reserved 1048576K
Event: 873.396 GC heap after
Heap after GC invocations=19 (full 2):
 PSYoungGen      total 971264K, used 64713K [0x000000076ad80000, 0x00000007b2000000, 0x00000007c0000000)
  eden space 856576K, 0% used [0x000000076ad80000,0x000000076ad80000,0x000000079f200000)
  from space 114688K, 56% used [0x000000079f200000,0x00000007a31325b0,0x00000007a6200000)
  to   space 113664K, 0% used [0x00000007ab100000,0x00000007ab100000,0x00000007b2000000)
 ParOldGen       total 329728K, used 237689K [0x00000006c0800000, 0x00000006d4a00000, 0x000000076ad80000)
  object space 329728K, 72% used [0x00000006c0800000,0x00000006cf01e450,0x00000006d4a00000)
 Metaspace       used 25678K, capacity 25966K, committed 26240K, reserved 1073152K
  class space    used 2768K, capacity 2841K, committed 2944K, reserved 1048576K
}
Event: 984.065 GC heap before
{Heap before GC invocations=20 (full 2):
 PSYoungGen      total 971264K, used 921289K [0x000000076ad80000, 0x00000007b2000000, 0x00000007c0000000)
  eden space 856576K, 100% used [0x000000076ad80000,0x000000079f200000,0x000000079f200000)
  from space 114688K, 56% used [0x000000079f200000,0x00000007a31325b0,0x00000007a6200000)
  to   space 113664K, 0% used [0x00000007ab100000,0x00000007ab100000,0x00000007b2000000)
 ParOldGen       total 329728K, used 237689K [0x00000006c0800000, 0x00000006d4a00000, 0x000000076ad80000)
  object space 329728K, 72% used [0x00000006c0800000,0x00000006cf01e450,0x00000006d4a00000)
 Metaspace       used 25693K, capacity 26030K, committed 26240K, reserved 1073152K
  class space    used 2768K, capacity 2841K, committed 2944K, reserved 1048576K
Event: 984.132 GC heap after
Heap after GC invocations=20 (full 2):
 PSYoungGen      total 1038336K, used 101350K [0x000000076ad80000, 0x00000007b2980000, 0x00000007c0000000)
  eden space 924672K, 0% used [0x000000076ad80000,0x000000076ad80000,0x00000007a3480000)
  from space 113664K, 89% used [0x00000007ab100000,0x00000007b13f9b00,0x00000007b2000000)
  to   space 125440K, 0% used [0x00000007a3480000,0x00000007a3480000,0x00000007aaf00000)
 ParOldGen       total 329728K, used 237689K [0x00000006c0800000, 0x00000006d4a00000, 0x000000076ad80000)
  object space 329728K, 72% used [0x00000006c0800000,0x00000006cf01e450,0x00000006d4a00000)
 Metaspace       used 25693K, capacity 26030K, committed 26240K, reserved 1073152K
  class space    used 2768K, capacity 2841K, committed 2944K, reserved 1048576K
}

