# JRE version: Java(TM) SE Runtime Environment (8.0_251-b08) (build 1.8.0_251-b08)
# Java VM: Java HotSpot(TM) 64-Bit Server VM (25.251-b08 mixed mode windows-amd64 compressed oops)
Heap:
 PSYoungGen      total 409600K, used 330894K [0x000000076ad80000, 0x0000000788480000, 0x00000007c0000000)
  eden space 358400K, 78% used [0x000000076ad80000,0x000000077bea4e60,0x0000000780b80000)
  from space 51200K, 99% used [0x0000000781a80000,0x0000000784c7ebf8,0x0000000784c80000)
  to   space 57344K, 0% used [0x0000000784c80000,0x0000000784c80000,0x0000000788480000)
 ParOldGen       total 174592K, used 69333K [0x00000006c0800000, 0x00000006cb280000, 0x000000076ad80000)
  object space 174592K, 39% used [0x00000006c0800000,0x00000006c4bb5490,0x00000006cb280000)
 Metaspace       used 26428K, capacity 26736K, committed 27008K, reserved 1073152K
  class space    used 2838K, capacity 2916K, committed 2944K, reserved 1048576K
GC Heap History (10 events):
Event: 16.982 GC heap before
{Heap before GC invocations=6 (full 1):
 PSYoungGen      total 141824K, used 10736K [0x000000076ad80000, 0x0000000780580000, 0x00000007c0000000)
  eden space 131072K, 0% used [0x000000076ad80000,0x000000076ad80000,0x0000000772d80000)
  from space 10752K, 99% used [0x0000000772d80000,0x00000007737fc058,0x0000000773800000)
  to   space 45056K, 0% used [0x000000077d980000,0x000000077d980000,0x0000000780580000)
 ParOldGen       total 175104K, used 66458K [0x00000006c0800000, 0x00000006cb300000, 0x000000076ad80000)
  object space 175104K, 37% used [0x00000006c0800000,0x00000006c48e6a00,0x00000006cb300000)
 Metaspace       used 20827K, capacity 21068K, committed 21296K, reserved 1069056K
  class space    used 2503K, capacity 2624K, committed 2688K, reserved 1048576K
Event: 17.071 GC heap after
Heap after GC invocations=6 (full 1):
 PSYoungGen      total 141824K, used 0K [0x000000076ad80000, 0x0000000780580000, 0x00000007c0000000)
  eden space 131072K, 0% used [0x000000076ad80000,0x000000076ad80000,0x0000000772d80000)
  from space 10752K, 0% used [0x0000000772d80000,0x0000000772d80000,0x0000000773800000)
  to   space 45056K, 0% used [0x000000077d980000,0x000000077d980000,0x0000000780580000)
 ParOldGen       total 174592K, used 60857K [0x00000006c0800000, 0x00000006cb280000, 0x000000076ad80000)
  object space 174592K, 34% used [0x00000006c0800000,0x00000006c436e5a0,0x00000006cb280000)
 Metaspace       used 20823K, capacity 21062K, committed 21296K, reserved 1069056K
  class space    used 2502K, capacity 2623K, committed 2688K, reserved 1048576K
}
Event: 65.080 GC heap before
{Heap before GC invocations=7 (full 1):
 PSYoungGen      total 141824K, used 131072K [0x000000076ad80000, 0x0000000780580000, 0x00000007c0000000)
  eden space 131072K, 100% used [0x000000076ad80000,0x0000000772d80000,0x0000000772d80000)
  from space 10752K, 0% used [0x0000000772d80000,0x0000000772d80000,0x0000000773800000)
  to   space 45056K, 0% used [0x000000077d980000,0x000000077d980000,0x0000000780580000)
 ParOldGen       total 174592K, used 60857K [0x00000006c0800000, 0x00000006cb280000, 0x000000076ad80000)
  object space 174592K, 34% used [0x00000006c0800000,0x00000006c436e5a0,0x00000006cb280000)
 Metaspace       used 23621K, capacity 23948K, committed 24192K, reserved 1071104K
  class space    used 2738K, capacity 2820K, committed 2944K, reserved 1048576K
Event: 65.088 GC heap after
Heap after GC invocations=7 (full 1):
 PSYoungGen      total 241152K, used 12603K [0x000000076ad80000, 0x000000077e600000, 0x00000007c0000000)
  eden space 228352K, 0% used [0x000000076ad80000,0x000000076ad80000,0x0000000778c80000)
  from space 12800K, 98% used [0x000000077d980000,0x000000077e5cec38,0x000000077e600000)
  to   space 44544K, 0% used [0x0000000778f00000,0x0000000778f00000,0x000000077ba80000)
 ParOldGen       total 174592K, used 60865K [0x00000006c0800000, 0x00000006cb280000, 0x000000076ad80000)
  object space 174592K, 34% used [0x00000006c0800000,0x00000006c43705a0,0x00000006cb280000)
 Metaspace       used 23621K, capacity 23948K, committed 24192K, reserved 1071104K
  class space    used 2738K, capacity 2820K, committed 2944K, reserved 1048576K
}
Event: 224.412 GC heap before
{Heap before GC invocations=8 (full 1):
 PSYoungGen      total 241152K, used 240955K [0x000000076ad80000, 0x000000077e600000, 0x00000007c0000000)
  eden space 228352K, 100% used [0x000000076ad80000,0x0000000778c80000,0x0000000778c80000)
  from space 12800K, 98% used [0x000000077d980000,0x000000077e5cec38,0x000000077e600000)
  to   space 44544K, 0% used [0x0000000778f00000,0x0000000778f00000,0x000000077ba80000)
 ParOldGen       total 174592K, used 60865K [0x00000006c0800000, 0x00000006cb280000, 0x000000076ad80000)
  object space 174592K, 34% used [0x00000006c0800000,0x00000006c43705a0,0x00000006cb280000)
 Metaspace       used 25027K, capacity 25388K, committed 25472K, reserved 1071104K
  class space    used 2831K, capacity 2916K, committed 2944K, reserved 1048576K
Event: 224.433 GC heap after
Heap after GC invocations=8 (full 1):
 PSYoungGen      total 275456K, used 32309K [0x000000076ad80000, 0x0000000787f80000, 0x00000007c0000000)
  eden space 230912K, 0% used [0x000000076ad80000,0x000000076ad80000,0x0000000778f00000)
  from space 44544K, 72% used [0x0000000778f00000,0x000000077ae8d5c8,0x000000077ba80000)
  to   space 46592K, 0% used [0x0000000785200000,0x0000000785200000,0x0000000787f80000)
 ParOldGen       total 174592K, used 60937K [0x00000006c0800000, 0x00000006cb280000, 0x000000076ad80000)
  object space 174592K, 34% used [0x00000006c0800000,0x00000006c43825b0,0x00000006cb280000)
 Metaspace       used 25027K, capacity 25388K, committed 25472K, reserved 1071104K
  class space    used 2831K, capacity 2916K, committed 2944K, reserved 1048576K
}
Event: 378.251 GC heap before
{Heap before GC invocations=9 (full 1):
 PSYoungGen      total 275456K, used 263221K [0x000000076ad80000, 0x0000000787f80000, 0x00000007c0000000)
  eden space 230912K, 100% used [0x000000076ad80000,0x0000000778f00000,0x0000000778f00000)
  from space 44544K, 72% used [0x0000000778f00000,0x000000077ae8d5c8,0x000000077ba80000)
  to   space 46592K, 0% used [0x0000000785200000,0x0000000785200000,0x0000000787f80000)
 ParOldGen       total 174592K, used 60937K [0x00000006c0800000, 0x00000006cb280000, 0x000000076ad80000)
  object space 174592K, 34% used [0x00000006c0800000,0x00000006c43825b0,0x00000006cb280000)
 Metaspace       used 25737K, capacity 26096K, committed 26240K, reserved 1073152K
  class space    used 2832K, capacity 2916K, committed 2944K, reserved 1048576K
Event: 378.282 GC heap after
Heap after GC invocations=9 (full 1):
 PSYoungGen      total 419328K, used 41047K [0x000000076ad80000, 0x0000000787e80000, 0x00000007c0000000)
  eden space 373760K, 0% used [0x000000076ad80000,0x000000076ad80000,0x0000000781a80000)
  from space 45568K, 90% used [0x0000000785200000,0x0000000787a15f80,0x0000000787e80000)
  to   space 51200K, 0% used [0x0000000781a80000,0x0000000781a80000,0x0000000784c80000)
 ParOldGen       total 174592K, used 60945K [0x00000006c0800000, 0x00000006cb280000, 0x000000076ad80000)
  object space 174592K, 34% used [0x00000006c0800000,0x00000006c43845b0,0x00000006cb280000)
 Metaspace       used 25737K, capacity 26096K, committed 26240K, reserved 1073152K
  class space    used 2832K, capacity 2916K, committed 2944K, reserved 1048576K
}
Event: 594.402 GC heap before
{Heap before GC invocations=10 (full 1):
 PSYoungGen      total 419328K, used 414807K [0x000000076ad80000, 0x0000000787e80000, 0x00000007c0000000)
  eden space 373760K, 100% used [0x000000076ad80000,0x0000000781a80000,0x0000000781a80000)
  from space 45568K, 90% used [0x0000000785200000,0x0000000787a15f80,0x0000000787e80000)
  to   space 51200K, 0% used [0x0000000781a80000,0x0000000781a80000,0x0000000784c80000)
 ParOldGen       total 174592K, used 60945K [0x00000006c0800000, 0x00000006cb280000, 0x000000076ad80000)
  object space 174592K, 34% used [0x00000006c0800000,0x00000006c43845b0,0x00000006cb280000)
 Metaspace       used 26386K, capacity 26736K, committed 27008K, reserved 1073152K
  class space    used 2838K, capacity 2916K, committed 2944K, reserved 1048576K
Event: 594.441 GC heap after
Heap after GC invocations=10 (full 1):
 PSYoungGen      total 409600K, used 51194K [0x000000076ad80000, 0x0000000788480000, 0x00000007c0000000)
  eden space 358400K, 0% used [0x000000076ad80000,0x000000076ad80000,0x0000000780b80000)
  from space 51200K, 99% used [0x0000000781a80000,0x0000000784c7ebf8,0x0000000784c80000)
  to   space 57344K, 0% used [0x0000000784c80000,0x0000000784c80000,0x0000000788480000)
 ParOldGen       total 174592K, used 69333K [0x00000006c0800000, 0x00000006cb280000, 0x000000076ad80000)
  object space 174592K, 39% used [0x00000006c0800000,0x00000006c4bb5490,0x00000006cb280000)
 Metaspace       used 26386K, capacity 26736K, committed 27008K, reserved 1073152K
  class space    used 2838K, capacity 2916K, committed 2944K, reserved 1048576K
}

