# JRE version: Java(TM) SE Runtime Environment (8.0_251-b08) (build 1.8.0_251-b08)
# Java VM: Java HotSpot(TM) 64-Bit Server VM (25.251-b08 mixed mode windows-amd64 compressed oops)
Heap:
 PSYoungGen      total 518656K, used 167954K [0x000000076ad80000, 0x0000000790580000, 0x00000007c0000000)
  eden space 445440K, 24% used [0x000000076ad80000,0x0000000771834170,0x0000000786080000)
  from space 73216K, 80% used [0x000000078be00000,0x000000078f7508f8,0x0000000790580000)
  to   space 84480K, 0% used [0x0000000786080000,0x0000000786080000,0x000000078b300000)
 ParOldGen       total 268800K, used 123631K [0x00000006c0800000, 0x00000006d0e80000, 0x000000076ad80000)
  object space 268800K, 45% used [0x00000006c0800000,0x00000006c80bbfb0,0x00000006d0e80000)
 Metaspace       used 25972K, capacity 26368K, committed 26496K, reserved 1073152K
  class space    used 2780K, capacity 2876K, committed 2944K, reserved 1048576K
GC Heap History (10 events):
Event: 17.926 GC heap before
{Heap before GC invocations=7 (full 1):
 PSYoungGen      total 141824K, used 131072K [0x000000076ad80000, 0x0000000785280000, 0x00000007c0000000)
  eden space 131072K, 100% used [0x000000076ad80000,0x0000000772d80000,0x0000000772d80000)
  from space 10752K, 0% used [0x0000000772d80000,0x0000000772d80000,0x0000000773800000)
  to   space 84480K, 0% used [0x0000000780000000,0x0000000780000000,0x0000000785280000)
 ParOldGen       total 268800K, used 113670K [0x00000006c0800000, 0x00000006d0e80000, 0x000000076ad80000)
  object space 268800K, 42% used [0x00000006c0800000,0x00000006c7701a58,0x00000006d0e80000)
 Metaspace       used 23664K, capacity 24052K, committed 24192K, reserved 1071104K
  class space    used 2773K, capacity 2876K, committed 2944K, reserved 1048576K
Event: 17.933 GC heap after
Heap after GC invocations=7 (full 1):
 PSYoungGen      total 263680K, used 15908K [0x000000076ad80000, 0x0000000782700000, 0x00000007c0000000)
  eden space 223744K, 0% used [0x000000076ad80000,0x000000076ad80000,0x0000000778800000)
  from space 39936K, 39% used [0x0000000780000000,0x0000000780f89040,0x0000000782700000)
  to   space 81408K, 0% used [0x0000000778800000,0x0000000778800000,0x000000077d780000)
 ParOldGen       total 268800K, used 113686K [0x00000006c0800000, 0x00000006d0e80000, 0x000000076ad80000)
  object space 268800K, 42% used [0x00000006c0800000,0x00000006c7705a58,0x00000006d0e80000)
 Metaspace       used 23664K, capacity 24052K, committed 24192K, reserved 1071104K
  class space    used 2773K, capacity 2876K, committed 2944K, reserved 1048576K
}
Event: 38.505 GC heap before
{Heap before GC invocations=8 (full 1):
 PSYoungGen      total 263680K, used 239652K [0x000000076ad80000, 0x0000000782700000, 0x00000007c0000000)
  eden space 223744K, 100% used [0x000000076ad80000,0x0000000778800000,0x0000000778800000)
  from space 39936K, 39% used [0x0000000780000000,0x0000000780f89040,0x0000000782700000)
  to   space 81408K, 0% used [0x0000000778800000,0x0000000778800000,0x000000077d780000)
 ParOldGen       total 268800K, used 113686K [0x00000006c0800000, 0x00000006d0e80000, 0x000000076ad80000)
  object space 268800K, 42% used [0x00000006c0800000,0x00000006c7705a58,0x00000006d0e80000)
 Metaspace       used 24482K, capacity 24892K, committed 25216K, reserved 1071104K
  class space    used 2775K, capacity 2876K, committed 2944K, reserved 1048576K
Event: 38.520 GC heap after
Heap after GC invocations=8 (full 1):
 PSYoungGen      total 305152K, used 31959K [0x000000076ad80000, 0x000000078a780000, 0x00000007c0000000)
  eden space 223744K, 0% used [0x000000076ad80000,0x000000076ad80000,0x0000000778800000)
  from space 81408K, 39% used [0x0000000778800000,0x000000077a735e88,0x000000077d780000)
  to   space 75264K, 0% used [0x0000000785e00000,0x0000000785e00000,0x000000078a780000)
 ParOldGen       total 268800K, used 113694K [0x00000006c0800000, 0x00000006d0e80000, 0x000000076ad80000)
  object space 268800K, 42% used [0x00000006c0800000,0x00000006c7707a58,0x00000006d0e80000)
 Metaspace       used 24482K, capacity 24892K, committed 25216K, reserved 1071104K
  class space    used 2775K, capacity 2876K, committed 2944K, reserved 1048576K
}
Event: 62.541 GC heap before
{Heap before GC invocations=9 (full 1):
 PSYoungGen      total 305152K, used 255703K [0x000000076ad80000, 0x000000078a780000, 0x00000007c0000000)
  eden space 223744K, 100% used [0x000000076ad80000,0x0000000778800000,0x0000000778800000)
  from space 81408K, 39% used [0x0000000778800000,0x000000077a735e88,0x000000077d780000)
  to   space 75264K, 0% used [0x0000000785e00000,0x0000000785e00000,0x000000078a780000)
 ParOldGen       total 268800K, used 113694K [0x00000006c0800000, 0x00000006d0e80000, 0x000000076ad80000)
  object space 268800K, 42% used [0x00000006c0800000,0x00000006c7707a58,0x00000006d0e80000)
 Metaspace       used 25000K, capacity 25472K, committed 25728K, reserved 1073152K
  class space    used 2775K, capacity 2876K, committed 2944K, reserved 1048576K
Event: 62.565 GC heap after
Heap after GC invocations=9 (full 1):
 PSYoungGen      total 416256K, used 48617K [0x000000076ad80000, 0x0000000789c00000, 0x00000007c0000000)
  eden space 352768K, 0% used [0x000000076ad80000,0x000000076ad80000,0x0000000780600000)
  from space 63488K, 76% used [0x0000000785e00000,0x0000000788d7a5c0,0x0000000789c00000)
  to   space 76800K, 0% used [0x0000000780600000,0x0000000780600000,0x0000000785100000)
 ParOldGen       total 268800K, used 113702K [0x00000006c0800000, 0x00000006d0e80000, 0x000000076ad80000)
  object space 268800K, 42% used [0x00000006c0800000,0x00000006c7709a58,0x00000006d0e80000)
 Metaspace       used 25000K, capacity 25472K, committed 25728K, reserved 1073152K
  class space    used 2775K, capacity 2876K, committed 2944K, reserved 1048576K
}
Event: 100.523 GC heap before
{Heap before GC invocations=10 (full 1):
 PSYoungGen      total 416256K, used 401385K [0x000000076ad80000, 0x0000000789c00000, 0x00000007c0000000)
  eden space 352768K, 100% used [0x000000076ad80000,0x0000000780600000,0x0000000780600000)
  from space 63488K, 76% used [0x0000000785e00000,0x0000000788d7a5c0,0x0000000789c00000)
  to   space 76800K, 0% used [0x0000000780600000,0x0000000780600000,0x0000000785100000)
 ParOldGen       total 268800K, used 113702K [0x00000006c0800000, 0x00000006d0e80000, 0x000000076ad80000)
  object space 268800K, 42% used [0x00000006c0800000,0x00000006c7709a58,0x00000006d0e80000)
 Metaspace       used 25893K, capacity 26304K, committed 26496K, reserved 1073152K
  class space    used 2780K, capacity 2876K, committed 2944K, reserved 1048576K
Event: 100.554 GC heap after
Heap after GC invocations=10 (full 1):
 PSYoungGen      total 429568K, used 55510K [0x000000076ad80000, 0x0000000790d00000, 0x00000007c0000000)
  eden space 352768K, 0% used [0x000000076ad80000,0x000000076ad80000,0x0000000780600000)
  from space 76800K, 72% used [0x0000000780600000,0x0000000783c359e0,0x0000000785100000)
  to   space 80896K, 0% used [0x000000078be00000,0x000000078be00000,0x0000000790d00000)
 ParOldGen       total 268800K, used 120639K [0x00000006c0800000, 0x00000006d0e80000, 0x000000076ad80000)
  object space 268800K, 44% used [0x00000006c0800000,0x00000006c7dcffa0,0x00000006d0e80000)
 Metaspace       used 25893K, capacity 26304K, committed 26496K, reserved 1073152K
  class space    used 2780K, capacity 2876K, committed 2944K, reserved 1048576K
}
Event: 134.379 GC heap before
{Heap before GC invocations=11 (full 1):
 PSYoungGen      total 429568K, used 408278K [0x000000076ad80000, 0x0000000790d00000, 0x00000007c0000000)
  eden space 352768K, 100% used [0x000000076ad80000,0x0000000780600000,0x0000000780600000)
  from space 76800K, 72% used [0x0000000780600000,0x0000000783c359e0,0x0000000785100000)
  to   space 80896K, 0% used [0x000000078be00000,0x000000078be00000,0x0000000790d00000)
 ParOldGen       total 268800K, used 120639K [0x00000006c0800000, 0x00000006d0e80000, 0x000000076ad80000)
  object space 268800K, 44% used [0x00000006c0800000,0x00000006c7dcffa0,0x00000006d0e80000)
 Metaspace       used 25972K, capacity 26368K, committed 26496K, reserved 1073152K
  class space    used 2780K, capacity 2876K, committed 2944K, reserved 1048576K
Event: 134.415 GC heap after
Heap after GC invocations=11 (full 1):
 PSYoungGen      total 518656K, used 58690K [0x000000076ad80000, 0x0000000790580000, 0x00000007c0000000)
  eden space 445440K, 0% used [0x000000076ad80000,0x000000076ad80000,0x0000000786080000)
  from space 73216K, 80% used [0x000000078be00000,0x000000078f7508f8,0x0000000790580000)
  to   space 84480K, 0% used [0x0000000786080000,0x0000000786080000,0x000000078b300000)
 ParOldGen       total 268800K, used 123631K [0x00000006c0800000, 0x00000006d0e80000, 0x000000076ad80000)
  object space 268800K, 45% used [0x00000006c0800000,0x00000006c80bbfb0,0x00000006d0e80000)
 Metaspace       used 25972K, capacity 26368K, committed 26496K, reserved 1073152K
  class space    used 2780K, capacity 2876K, committed 2944K, reserved 1048576K
}

