# JRE version: Java(TM) SE Runtime Environment (8.0_251-b08) (build 1.8.0_251-b08)
# Java VM: Java HotSpot(TM) 64-Bit Server VM (25.251-b08 mixed mode windows-amd64 compressed oops)
Heap:
 PSYoungGen      total 742400K, used 222433K [0x000000076ad80000, 0x00000007b0800000, 0x00000007c0000000)
  eden space 609792K, 27% used [0x000000076ad80000,0x00000007750534f0,0x0000000790100000)
  from space 132608K, 42% used [0x0000000790100000,0x0000000793765210,0x0000000798280000)
  to   space 181760K, 0% used [0x00000007a5680000,0x00000007a5680000,0x00000007b0800000)
 ParOldGen       total 417792K, used 417562K [0x00000006c0800000, 0x00000006da000000, 0x000000076ad80000)
  object space 417792K, 99% used [0x00000006c0800000,0x00000006d9fc6970,0x00000006da000000)
 Metaspace       used 26532K, capacity 26862K, committed 27264K, reserved 1073152K
  class space    used 2835K, capacity 2905K, committed 2944K, reserved 1048576K
GC Heap History (10 events):
Event: 491.563 GC heap before
{Heap before GC invocations=12 (full 2):
 PSYoungGen      total 569856K, used 106485K [0x000000076ad80000, 0x000000079b200000, 0x00000007c0000000)
  eden space 463360K, 0% used [0x000000076ad80000,0x000000076ad80000,0x0000000787200000)
  from space 106496K, 99% used [0x0000000790380000,0x0000000796b7d758,0x0000000796b80000)
  to   space 148992K, 0% used [0x0000000787200000,0x0000000787200000,0x0000000790380000)
 ParOldGen       total 237568K, used 166536K [0x00000006c0800000, 0x00000006cf000000, 0x000000076ad80000)
  object space 237568K, 70% used [0x00000006c0800000,0x00000006caaa22a8,0x00000006cf000000)
 Metaspace       used 26405K, capacity 26666K, committed 27008K, reserved 1073152K
  class space    used 2839K, capacity 2915K, committed 2944K, reserved 1048576K
Event: 491.982 GC heap after
Heap after GC invocations=12 (full 2):
 PSYoungGen      total 569856K, used 28620K [0x000000076ad80000, 0x000000079b200000, 0x00000007c0000000)
  eden space 463360K, 0% used [0x000000076ad80000,0x000000076ad80000,0x0000000787200000)
  from space 106496K, 26% used [0x0000000790380000,0x0000000791f73060,0x0000000796b80000)
  to   space 148992K, 0% used [0x0000000787200000,0x0000000787200000,0x0000000790380000)
 ParOldGen       total 417792K, used 237174K [0x00000006c0800000, 0x00000006da000000, 0x000000076ad80000)
  object space 417792K, 56% used [0x00000006c0800000,0x00000006cef9d8d0,0x00000006da000000)
 Metaspace       used 26367K, capacity 26606K, committed 27008K, reserved 1073152K
  class space    used 2834K, capacity 2905K, committed 2944K, reserved 1048576K
}
Event: 612.830 GC heap before
{Heap before GC invocations=13 (full 2):
 PSYoungGen      total 569856K, used 491980K [0x000000076ad80000, 0x000000079b200000, 0x00000007c0000000)
  eden space 463360K, 100% used [0x000000076ad80000,0x0000000787200000,0x0000000787200000)
  from space 106496K, 26% used [0x0000000790380000,0x0000000791f73060,0x0000000796b80000)
  to   space 148992K, 0% used [0x0000000787200000,0x0000000787200000,0x0000000790380000)
 ParOldGen       total 417792K, used 237174K [0x00000006c0800000, 0x00000006da000000, 0x000000076ad80000)
  object space 417792K, 56% used [0x00000006c0800000,0x00000006cef9d8d0,0x00000006da000000)
 Metaspace       used 26456K, capacity 26734K, committed 27008K, reserved 1073152K
  class space    used 2834K, capacity 2905K, committed 2944K, reserved 1048576K
Event: 612.884 GC heap after
Heap after GC invocations=13 (full 2):
 PSYoungGen      total 612352K, used 52501K [0x000000076ad80000, 0x00000007a2680000, 0x00000007c0000000)
  eden space 463360K, 0% used [0x000000076ad80000,0x000000076ad80000,0x0000000787200000)
  from space 148992K, 35% used [0x0000000787200000,0x000000078a545578,0x0000000790380000)
  to   space 140800K, 0% used [0x0000000799d00000,0x0000000799d00000,0x00000007a2680000)
 ParOldGen       total 417792K, used 266070K [0x00000006c0800000, 0x00000006da000000, 0x000000076ad80000)
  object space 417792K, 63% used [0x00000006c0800000,0x00000006d0bd58d0,0x00000006da000000)
 Metaspace       used 26456K, capacity 26734K, committed 27008K, reserved 1073152K
  class space    used 2834K, capacity 2905K, committed 2944K, reserved 1048576K
}
Event: 859.816 GC heap before
{Heap before GC invocations=14 (full 2):
 PSYoungGen      total 612352K, used 515861K [0x000000076ad80000, 0x00000007a2680000, 0x00000007c0000000)
  eden space 463360K, 100% used [0x000000076ad80000,0x0000000787200000,0x0000000787200000)
  from space 148992K, 35% used [0x0000000787200000,0x000000078a545578,0x0000000790380000)
  to   space 140800K, 0% used [0x0000000799d00000,0x0000000799d00000,0x00000007a2680000)
 ParOldGen       total 417792K, used 266070K [0x00000006c0800000, 0x00000006da000000, 0x000000076ad80000)
  object space 417792K, 63% used [0x00000006c0800000,0x00000006d0bd58d0,0x00000006da000000)
 Metaspace       used 26487K, capacity 26734K, committed 27008K, reserved 1073152K
  class space    used 2834K, capacity 2905K, committed 2944K, reserved 1048576K
Event: 859.871 GC heap after
Heap after GC invocations=14 (full 2):
 PSYoungGen      total 715264K, used 57706K [0x000000076ad80000, 0x00000007a0400000, 0x00000007c0000000)
  eden space 609792K, 0% used [0x000000076ad80000,0x000000076ad80000,0x0000000790100000)
  from space 105472K, 54% used [0x0000000799d00000,0x000000079d55abe0,0x00000007a0400000)
  to   space 132608K, 0% used [0x0000000790100000,0x0000000790100000,0x0000000798280000)
 ParOldGen       total 417792K, used 298426K [0x00000006c0800000, 0x00000006da000000, 0x000000076ad80000)
  object space 417792K, 71% used [0x00000006c0800000,0x00000006d2b6ea90,0x00000006da000000)
 Metaspace       used 26487K, capacity 26734K, committed 27008K, reserved 1073152K
  class space    used 2834K, capacity 2905K, committed 2944K, reserved 1048576K
}
Event: 1180.524 GC heap before
{Heap before GC invocations=15 (full 2):
 PSYoungGen      total 715264K, used 667498K [0x000000076ad80000, 0x00000007a0400000, 0x00000007c0000000)
  eden space 609792K, 100% used [0x000000076ad80000,0x0000000790100000,0x0000000790100000)
  from space 105472K, 54% used [0x0000000799d00000,0x000000079d55abe0,0x00000007a0400000)
  to   space 132608K, 0% used [0x0000000790100000,0x0000000790100000,0x0000000798280000)
 ParOldGen       total 417792K, used 298426K [0x00000006c0800000, 0x00000006da000000, 0x000000076ad80000)
  object space 417792K, 71% used [0x00000006c0800000,0x00000006d2b6ea90,0x00000006da000000)
 Metaspace       used 26502K, capacity 26734K, committed 27008K, reserved 1073152K
  class space    used 2835K, capacity 2905K, committed 2944K, reserved 1048576K
Event: 1180.624 GC heap after
Heap after GC invocations=15 (full 2):
 PSYoungGen      total 742400K, used 132595K [0x000000076ad80000, 0x00000007b0800000, 0x00000007c0000000)
  eden space 609792K, 0% used [0x000000076ad80000,0x000000076ad80000,0x0000000790100000)
  from space 132608K, 99% used [0x0000000790100000,0x000000079827cd28,0x0000000798280000)
  to   space 181760K, 0% used [0x00000007a5680000,0x00000007a5680000,0x00000007b0800000)
 ParOldGen       total 417792K, used 376181K [0x00000006c0800000, 0x00000006da000000, 0x000000076ad80000)
  object space 417792K, 90% used [0x00000006c0800000,0x00000006d775d4c0,0x00000006da000000)
 Metaspace       used 26502K, capacity 26734K, committed 27008K, reserved 1073152K
  class space    used 2835K, capacity 2905K, committed 2944K, reserved 1048576K
}
Event: 1180.624 GC heap before
{Heap before GC invocations=16 (full 3):
 PSYoungGen      total 742400K, used 132595K [0x000000076ad80000, 0x00000007b0800000, 0x00000007c0000000)
  eden space 609792K, 0% used [0x000000076ad80000,0x000000076ad80000,0x0000000790100000)
  from space 132608K, 99% used [0x0000000790100000,0x000000079827cd28,0x0000000798280000)
  to   space 181760K, 0% used [0x00000007a5680000,0x00000007a5680000,0x00000007b0800000)
 ParOldGen       total 417792K, used 376181K [0x00000006c0800000, 0x00000006da000000, 0x000000076ad80000)
  object space 417792K, 90% used [0x00000006c0800000,0x00000006d775d4c0,0x00000006da000000)
 Metaspace       used 26502K, capacity 26734K, committed 27008K, reserved 1073152K
  class space    used 2835K, capacity 2905K, committed 2944K, reserved 1048576K
Event: 1181.350 GC heap after
Heap after GC invocations=16 (full 3):
 PSYoungGen      total 742400K, used 55700K [0x000000076ad80000, 0x00000007b0800000, 0x00000007c0000000)
  eden space 609792K, 0% used [0x000000076ad80000,0x000000076ad80000,0x0000000790100000)
  from space 132608K, 42% used [0x0000000790100000,0x0000000793765210,0x0000000798280000)
  to   space 181760K, 0% used [0x00000007a5680000,0x00000007a5680000,0x00000007b0800000)
 ParOldGen       total 417792K, used 417562K [0x00000006c0800000, 0x00000006da000000, 0x000000076ad80000)
  object space 417792K, 99% used [0x00000006c0800000,0x00000006d9fc6970,0x00000006da000000)
 Metaspace       used 26502K, capacity 26734K, committed 27008K, reserved 1073152K
  class space    used 2835K, capacity 2905K, committed 2944K, reserved 1048576K
}

