# JRE version: Java(TM) SE Runtime Environment (8.0_251-b08) (build 1.8.0_251-b08)
# Java VM: Java HotSpot(TM) 64-Bit Server VM (25.251-b08 mixed mode windows-amd64 compressed oops)
Heap:
 PSYoungGen      total 122368K, used 118225K [0x000000076ad80000, 0x000000077a900000, 0x00000007c0000000)
  eden space 111616K, 96% used [0x000000076ad80000,0x0000000771674c30,0x0000000771a80000)
  from space 10752K, 99% used [0x0000000773800000,0x000000077427f8e8,0x0000000774280000)
  to   space 30208K, 0% used [0x0000000771a80000,0x0000000771a80000,0x0000000773800000)
 ParOldGen       total 130560K, used 49101K [0x00000006c0800000, 0x00000006c8780000, 0x000000076ad80000)
  object space 130560K, 37% used [0x00000006c0800000,0x00000006c37f3708,0x00000006c8780000)
 Metaspace       used 27529K, capacity 28338K, committed 28592K, reserved 1075200K
  class space    used 3202K, capacity 3435K, committed 3504K, reserved 1048576K
GC Heap History (10 events):
Event: 1.959 GC heap before
{Heap before GC invocations=3 (full 0):
 PSYoungGen      total 76288K, used 76272K [0x000000076ad80000, 0x0000000774280000, 0x00000007c0000000)
  eden space 65536K, 100% used [0x000000076ad80000,0x000000076ed80000,0x000000076ed80000)
  from space 10752K, 99% used [0x000000076f800000,0x000000077027c040,0x0000000770280000)
  to   space 10752K, 0% used [0x000000076ed80000,0x000000076ed80000,0x000000076f800000)
 ParOldGen       total 175104K, used 2881K [0x00000006c0800000, 0x00000006cb300000, 0x000000076ad80000)
  object space 175104K, 1% used [0x00000006c0800000,0x00000006c0ad0788,0x00000006cb300000)
 Metaspace       used 16145K, capacity 16452K, committed 16640K, reserved 1064960K
  class space    used 1873K, capacity 1984K, committed 2048K, reserved 1048576K
Event: 1.969 GC heap after
Heap after GC invocations=3 (full 0):
 PSYoungGen      total 76288K, used 10720K [0x000000076ad80000, 0x0000000774280000, 0x00000007c0000000)
  eden space 65536K, 0% used [0x000000076ad80000,0x000000076ad80000,0x000000076ed80000)
  from space 10752K, 99% used [0x000000076ed80000,0x000000076f7f8070,0x000000076f800000)
  to   space 10752K, 0% used [0x0000000773800000,0x0000000773800000,0x0000000774280000)
 ParOldGen       total 175104K, used 8359K [0x00000006c0800000, 0x00000006cb300000, 0x000000076ad80000)
  object space 175104K, 4% used [0x00000006c0800000,0x00000006c1029ea0,0x00000006cb300000)
 Metaspace       used 16145K, capacity 16452K, committed 16640K, reserved 1064960K
  class space    used 1873K, capacity 1984K, committed 2048K, reserved 1048576K
}
Event: 2.768 GC heap before
{Heap before GC invocations=4 (full 0):
 PSYoungGen      total 76288K, used 76256K [0x000000076ad80000, 0x0000000774280000, 0x00000007c0000000)
  eden space 65536K, 100% used [0x000000076ad80000,0x000000076ed80000,0x000000076ed80000)
  from space 10752K, 99% used [0x000000076ed80000,0x000000076f7f8070,0x000000076f800000)
  to   space 10752K, 0% used [0x0000000773800000,0x0000000773800000,0x0000000774280000)
 ParOldGen       total 175104K, used 8359K [0x00000006c0800000, 0x00000006cb300000, 0x000000076ad80000)
  object space 175104K, 4% used [0x00000006c0800000,0x00000006c1029ea0,0x00000006cb300000)
 Metaspace       used 16592K, capacity 16842K, committed 17152K, reserved 1064960K
  class space    used 1890K, capacity 1985K, committed 2048K, reserved 1048576K
Event: 2.784 GC heap after
Heap after GC invocations=4 (full 0):
 PSYoungGen      total 141824K, used 10744K [0x000000076ad80000, 0x0000000774280000, 0x00000007c0000000)
  eden space 131072K, 0% used [0x000000076ad80000,0x000000076ad80000,0x0000000772d80000)
  from space 10752K, 99% used [0x0000000773800000,0x000000077427e0a0,0x0000000774280000)
  to   space 10752K, 0% used [0x0000000772d80000,0x0000000772d80000,0x0000000773800000)
 ParOldGen       total 175104K, used 11214K [0x00000006c0800000, 0x00000006cb300000, 0x000000076ad80000)
  object space 175104K, 6% used [0x00000006c0800000,0x00000006c12f3af0,0x00000006cb300000)
 Metaspace       used 16592K, capacity 16842K, committed 17152K, reserved 1064960K
  class space    used 1890K, capacity 1985K, committed 2048K, reserved 1048576K
}
Event: 3.704 GC heap before
{Heap before GC invocations=5 (full 0):
 PSYoungGen      total 141824K, used 102634K [0x000000076ad80000, 0x0000000774280000, 0x00000007c0000000)
  eden space 131072K, 70% used [0x000000076ad80000,0x000000077073cad0,0x0000000772d80000)
  from space 10752K, 99% used [0x0000000773800000,0x000000077427e0a0,0x0000000774280000)
  to   space 10752K, 0% used [0x0000000772d80000,0x0000000772d80000,0x0000000773800000)
 ParOldGen       total 175104K, used 11214K [0x00000006c0800000, 0x00000006cb300000, 0x000000076ad80000)
  object space 175104K, 6% used [0x00000006c0800000,0x00000006c12f3af0,0x00000006cb300000)
 Metaspace       used 20556K, capacity 21204K, committed 21296K, reserved 1069056K
  class space    used 2384K, capacity 2561K, committed 2608K, reserved 1048576K
Event: 3.737 GC heap after
Heap after GC invocations=5 (full 0):
 PSYoungGen      total 141824K, used 10736K [0x000000076ad80000, 0x0000000774280000, 0x00000007c0000000)
  eden space 131072K, 0% used [0x000000076ad80000,0x000000076ad80000,0x0000000772d80000)
  from space 10752K, 99% used [0x0000000772d80000,0x00000007737fc060,0x0000000773800000)
  to   space 10752K, 0% used [0x0000000773800000,0x0000000773800000,0x0000000774280000)
 ParOldGen       total 175104K, used 18307K [0x00000006c0800000, 0x00000006cb300000, 0x000000076ad80000)
  object space 175104K, 10% used [0x00000006c0800000,0x00000006c19e0c80,0x00000006cb300000)
 Metaspace       used 20556K, capacity 21204K, committed 21296K, reserved 1069056K
  class space    used 2384K, capacity 2561K, committed 2608K, reserved 1048576K
}
Event: 3.737 GC heap before
{Heap before GC invocations=6 (full 1):
 PSYoungGen      total 141824K, used 10736K [0x000000076ad80000, 0x0000000774280000, 0x00000007c0000000)
  eden space 131072K, 0% used [0x000000076ad80000,0x000000076ad80000,0x0000000772d80000)
  from space 10752K, 99% used [0x0000000772d80000,0x00000007737fc060,0x0000000773800000)
  to   space 10752K, 0% used [0x0000000773800000,0x0000000773800000,0x0000000774280000)
 ParOldGen       total 175104K, used 18307K [0x00000006c0800000, 0x00000006cb300000, 0x000000076ad80000)
  object space 175104K, 10% used [0x00000006c0800000,0x00000006c19e0c80,0x00000006cb300000)
 Metaspace       used 20556K, capacity 21204K, committed 21296K, reserved 1069056K
  class space    used 2384K, capacity 2561K, committed 2608K, reserved 1048576K
Event: 3.804 GC heap after
Heap after GC invocations=6 (full 1):
 PSYoungGen      total 141824K, used 0K [0x000000076ad80000, 0x0000000774280000, 0x00000007c0000000)
  eden space 131072K, 0% used [0x000000076ad80000,0x000000076ad80000,0x0000000772d80000)
  from space 10752K, 0% used [0x0000000772d80000,0x0000000772d80000,0x0000000773800000)
  to   space 10752K, 0% used [0x0000000773800000,0x0000000773800000,0x0000000774280000)
 ParOldGen       total 130560K, used 24938K [0x00000006c0800000, 0x00000006c8780000, 0x000000076ad80000)
  object space 130560K, 19% used [0x00000006c0800000,0x00000006c205abf0,0x00000006c8780000)
 Metaspace       used 20556K, capacity 21204K, committed 21296K, reserved 1069056K
  class space    used 2384K, capacity 2561K, committed 2608K, reserved 1048576K
}
Event: 4.982 GC heap before
{Heap before GC invocations=7 (full 1):
 PSYoungGen      total 141824K, used 131072K [0x000000076ad80000, 0x0000000774280000, 0x00000007c0000000)
  eden space 131072K, 100% used [0x000000076ad80000,0x0000000772d80000,0x0000000772d80000)
  from space 10752K, 0% used [0x0000000772d80000,0x0000000772d80000,0x0000000773800000)
  to   space 10752K, 0% used [0x0000000773800000,0x0000000773800000,0x0000000774280000)
 ParOldGen       total 130560K, used 24938K [0x00000006c0800000, 0x00000006c8780000, 0x000000076ad80000)
  object space 130560K, 19% used [0x00000006c0800000,0x00000006c205abf0,0x00000006c8780000)
 Metaspace       used 26021K, capacity 26754K, committed 26800K, reserved 1073152K
  class space    used 3011K, capacity 3219K, committed 3248K, reserved 1048576K
Event: 5.000 GC heap after
Heap after GC invocations=7 (full 1):
 PSYoungGen      total 122368K, used 10750K [0x000000076ad80000, 0x000000077a900000, 0x00000007c0000000)
  eden space 111616K, 0% used [0x000000076ad80000,0x000000076ad80000,0x0000000771a80000)
  from space 10752K, 99% used [0x0000000773800000,0x000000077427f8e8,0x0000000774280000)
  to   space 30208K, 0% used [0x0000000771a80000,0x0000000771a80000,0x0000000773800000)
 ParOldGen       total 130560K, used 49101K [0x00000006c0800000, 0x00000006c8780000, 0x000000076ad80000)
  object space 130560K, 37% used [0x00000006c0800000,0x00000006c37f3708,0x00000006c8780000)
 Metaspace       used 26021K, capacity 26754K, committed 26800K, reserved 1073152K
  class space    used 3011K, capacity 3219K, committed 3248K, reserved 1048576K
}

