# JRE version: Java(TM) SE Runtime Environment (8.0_251-b08) (build 1.8.0_251-b08)
# Java VM: Java HotSpot(TM) 64-Bit Server VM (25.251-b08 mixed mode windows-amd64 compressed oops)
Heap:
 PSYoungGen      total 439808K, used 120554K [0x000000076ad80000, 0x000000078b100000, 0x00000007c0000000)
  eden space 368128K, 16% used [0x000000076ad80000,0x000000076ea51bd8,0x0000000781500000)
  from space 71680K, 81% used [0x0000000786b00000,0x000000078a3e8d18,0x000000078b100000)
  to   space 79872K, 0% used [0x0000000781500000,0x0000000781500000,0x0000000786300000)
 ParOldGen       total 254976K, used 106679K [0x00000006c0800000, 0x00000006d0100000, 0x000000076ad80000)
  object space 254976K, 41% used [0x00000006c0800000,0x00000006c702dc78,0x00000006d0100000)
 Metaspace       used 25579K, capacity 25902K, committed 25984K, reserved 1073152K
  class space    used 2832K, capacity 2905K, committed 2944K, reserved 1048576K
GC Heap History (10 events):
Event: 25.402 GC heap before
{Heap before GC invocations=5 (full 0):
 PSYoungGen      total 141824K, used 141809K [0x000000076ad80000, 0x0000000774280000, 0x00000007c0000000)
  eden space 131072K, 100% used [0x000000076ad80000,0x0000000772d80000,0x0000000772d80000)
  from space 10752K, 99% used [0x0000000773800000,0x000000077427c768,0x0000000774280000)
  to   space 10752K, 0% used [0x0000000772d80000,0x0000000772d80000,0x0000000773800000)
 ParOldGen       total 175104K, used 51920K [0x00000006c0800000, 0x00000006cb300000, 0x000000076ad80000)
  object space 175104K, 29% used [0x00000006c0800000,0x00000006c3ab4378,0x00000006cb300000)
 Metaspace       used 19393K, capacity 19752K, committed 19840K, reserved 1067008K
  class space    used 2313K, capacity 2410K, committed 2432K, reserved 1048576K
Event: 25.442 GC heap after
Heap after GC invocations=5 (full 0):
 PSYoungGen      total 141824K, used 10720K [0x000000076ad80000, 0x0000000784880000, 0x00000007c0000000)
  eden space 131072K, 0% used [0x000000076ad80000,0x000000076ad80000,0x0000000772d80000)
  from space 10752K, 99% used [0x0000000772d80000,0x00000007737f8058,0x0000000773800000)
  to   space 79360K, 0% used [0x000000077fb00000,0x000000077fb00000,0x0000000784880000)
 ParOldGen       total 175104K, used 120754K [0x00000006c0800000, 0x00000006cb300000, 0x000000076ad80000)
  object space 175104K, 68% used [0x00000006c0800000,0x00000006c7decb78,0x00000006cb300000)
 Metaspace       used 19393K, capacity 19752K, committed 19840K, reserved 1067008K
  class space    used 2313K, capacity 2410K, committed 2432K, reserved 1048576K
}
Event: 25.442 GC heap before
{Heap before GC invocations=6 (full 1):
 PSYoungGen      total 141824K, used 10720K [0x000000076ad80000, 0x0000000784880000, 0x00000007c0000000)
  eden space 131072K, 0% used [0x000000076ad80000,0x000000076ad80000,0x0000000772d80000)
  from space 10752K, 99% used [0x0000000772d80000,0x00000007737f8058,0x0000000773800000)
  to   space 79360K, 0% used [0x000000077fb00000,0x000000077fb00000,0x0000000784880000)
 ParOldGen       total 175104K, used 120754K [0x00000006c0800000, 0x00000006cb300000, 0x000000076ad80000)
  object space 175104K, 68% used [0x00000006c0800000,0x00000006c7decb78,0x00000006cb300000)
 Metaspace       used 19393K, capacity 19752K, committed 19840K, reserved 1067008K
  class space    used 2313K, capacity 2410K, committed 2432K, reserved 1048576K
Event: 25.607 GC heap after
Heap after GC invocations=6 (full 1):
 PSYoungGen      total 141824K, used 0K [0x000000076ad80000, 0x0000000784880000, 0x00000007c0000000)
  eden space 131072K, 0% used [0x000000076ad80000,0x000000076ad80000,0x0000000772d80000)
  from space 10752K, 0% used [0x0000000772d80000,0x0000000772d80000,0x0000000773800000)
  to   space 79360K, 0% used [0x000000077fb00000,0x000000077fb00000,0x0000000784880000)
 ParOldGen       total 254976K, used 106591K [0x00000006c0800000, 0x00000006d0100000, 0x000000076ad80000)
  object space 254976K, 41% used [0x00000006c0800000,0x00000006c7017c68,0x00000006d0100000)
 Metaspace       used 19360K, capacity 19698K, committed 19840K, reserved 1067008K
  class space    used 2308K, capacity 2401K, committed 2432K, reserved 1048576K
}
Event: 44.156 GC heap before
{Heap before GC invocations=7 (full 1):
 PSYoungGen      total 141824K, used 131072K [0x000000076ad80000, 0x0000000784880000, 0x00000007c0000000)
  eden space 131072K, 100% used [0x000000076ad80000,0x0000000772d80000,0x0000000772d80000)
  from space 10752K, 0% used [0x0000000772d80000,0x0000000772d80000,0x0000000773800000)
  to   space 79360K, 0% used [0x000000077fb00000,0x000000077fb00000,0x0000000784880000)
 ParOldGen       total 254976K, used 106591K [0x00000006c0800000, 0x00000006d0100000, 0x000000076ad80000)
  object space 254976K, 41% used [0x00000006c0800000,0x00000006c7017c68,0x00000006d0100000)
 Metaspace       used 23502K, capacity 23818K, committed 24064K, reserved 1071104K
  class space    used 2735K, capacity 2809K, committed 2816K, reserved 1048576K
Event: 44.167 GC heap after
Heap after GC invocations=7 (full 1):
 PSYoungGen      total 268800K, used 14316K [0x000000076ad80000, 0x0000000782300000, 0x00000007c0000000)
  eden space 227840K, 0% used [0x000000076ad80000,0x000000076ad80000,0x0000000778c00000)
  from space 40960K, 34% used [0x000000077fb00000,0x00000007808fb088,0x0000000782300000)
  to   space 77312K, 0% used [0x0000000778c00000,0x0000000778c00000,0x000000077d780000)
 ParOldGen       total 254976K, used 106607K [0x00000006c0800000, 0x00000006d0100000, 0x000000076ad80000)
  object space 254976K, 41% used [0x00000006c0800000,0x00000006c701bc68,0x00000006d0100000)
 Metaspace       used 23502K, capacity 23818K, committed 24064K, reserved 1071104K
  class space    used 2735K, capacity 2809K, committed 2816K, reserved 1048576K
}
Event: 147.762 GC heap before
{Heap before GC invocations=8 (full 1):
 PSYoungGen      total 268800K, used 242156K [0x000000076ad80000, 0x0000000782300000, 0x00000007c0000000)
  eden space 227840K, 100% used [0x000000076ad80000,0x0000000778c00000,0x0000000778c00000)
  from space 40960K, 34% used [0x000000077fb00000,0x00000007808fb088,0x0000000782300000)
  to   space 77312K, 0% used [0x0000000778c00000,0x0000000778c00000,0x000000077d780000)
 ParOldGen       total 254976K, used 106607K [0x00000006c0800000, 0x00000006d0100000, 0x000000076ad80000)
  object space 254976K, 41% used [0x00000006c0800000,0x00000006c701bc68,0x00000006d0100000)
 Metaspace       used 24929K, capacity 25258K, committed 25472K, reserved 1071104K
  class space    used 2830K, capacity 2905K, committed 2944K, reserved 1048576K
Event: 147.791 GC heap after
Heap after GC invocations=8 (full 1):
 PSYoungGen      total 305152K, used 37232K [0x000000076ad80000, 0x000000078b300000, 0x00000007c0000000)
  eden space 227840K, 0% used [0x000000076ad80000,0x000000076ad80000,0x0000000778c00000)
  from space 77312K, 48% used [0x0000000778c00000,0x000000077b05c0c0,0x000000077d780000)
  to   space 73728K, 0% used [0x0000000786b00000,0x0000000786b00000,0x000000078b300000)
 ParOldGen       total 254976K, used 106607K [0x00000006c0800000, 0x00000006d0100000, 0x000000076ad80000)
  object space 254976K, 41% used [0x00000006c0800000,0x00000006c701bc68,0x00000006d0100000)
 Metaspace       used 24929K, capacity 25258K, committed 25472K, reserved 1071104K
  class space    used 2830K, capacity 2905K, committed 2944K, reserved 1048576K
}
Event: 257.635 GC heap before
{Heap before GC invocations=9 (full 1):
 PSYoungGen      total 305152K, used 265072K [0x000000076ad80000, 0x000000078b300000, 0x00000007c0000000)
  eden space 227840K, 100% used [0x000000076ad80000,0x0000000778c00000,0x0000000778c00000)
  from space 77312K, 48% used [0x0000000778c00000,0x000000077b05c0c0,0x000000077d780000)
  to   space 73728K, 0% used [0x0000000786b00000,0x0000000786b00000,0x000000078b300000)
 ParOldGen       total 254976K, used 106607K [0x00000006c0800000, 0x00000006d0100000, 0x000000076ad80000)
  object space 254976K, 41% used [0x00000006c0800000,0x00000006c701bc68,0x00000006d0100000)
 Metaspace       used 25502K, capacity 25838K, committed 25984K, reserved 1073152K
  class space    used 2831K, capacity 2905K, committed 2944K, reserved 1048576K
Event: 257.671 GC heap after
Heap after GC invocations=9 (full 1):
 PSYoungGen      total 439808K, used 58275K [0x000000076ad80000, 0x000000078b100000, 0x00000007c0000000)
  eden space 368128K, 0% used [0x000000076ad80000,0x000000076ad80000,0x0000000781500000)
  from space 71680K, 81% used [0x0000000786b00000,0x000000078a3e8d18,0x000000078b100000)
  to   space 79872K, 0% used [0x0000000781500000,0x0000000781500000,0x0000000786300000)
 ParOldGen       total 254976K, used 106679K [0x00000006c0800000, 0x00000006d0100000, 0x000000076ad80000)
  object space 254976K, 41% used [0x00000006c0800000,0x00000006c702dc78,0x00000006d0100000)
 Metaspace       used 25502K, capacity 25838K, committed 25984K, reserved 1073152K
  class space    used 2831K, capacity 2905K, committed 2944K, reserved 1048576K
}

