# JRE version: Java(TM) SE Runtime Environment (8.0_251-b08) (build 1.8.0_251-b08)
# Java VM: Java HotSpot(TM) 64-Bit Server VM (25.251-b08 mixed mode windows-amd64 compressed oops)
Heap:
 PSYoungGen      total 355840K, used 63727K [0x000000076ad80000, 0x0000000785c80000, 0x00000007c0000000)
  eden space 325632K, 10% used [0x000000076ad80000,0x000000076cebbbe0,0x000000077eb80000)
  from space 30208K, 98% used [0x000000077f900000,0x00000007816002d0,0x0000000781680000)
  to   space 57856K, 0% used [0x0000000782400000,0x0000000782400000,0x0000000785c80000)
 ParOldGen       total 198656K, used 141983K [0x00000006c0800000, 0x00000006cca00000, 0x000000076ad80000)
  object space 198656K, 71% used [0x00000006c0800000,0x00000006c92a7ea0,0x00000006cca00000)
 Metaspace       used 26356K, capacity 26670K, committed 27008K, reserved 1073152K
  class space    used 2830K, capacity 2905K, committed 2944K, reserved 1048576K
GC Heap History (10 events):
Event: 177.343 GC heap before
{Heap before GC invocations=11 (full 1):
 PSYoungGen      total 433152K, used 433137K [0x000000076ad80000, 0x0000000789780000, 0x00000007c0000000)
  eden space 385024K, 100% used [0x000000076ad80000,0x0000000782580000,0x0000000782580000)
  from space 48128K, 99% used [0x0000000783700000,0x00000007865fc400,0x0000000786600000)
  to   space 50688K, 0% used [0x0000000786600000,0x0000000786600000,0x0000000789780000)
 ParOldGen       total 99840K, used 67907K [0x00000006c0800000, 0x00000006c6980000, 0x000000076ad80000)
  object space 99840K, 68% used [0x00000006c0800000,0x00000006c4a50c40,0x00000006c6980000)
 Metaspace       used 26313K, capacity 26654K, committed 26752K, reserved 1073152K
  class space    used 2833K, capacity 2913K, committed 2944K, reserved 1048576K
Event: 177.369 GC heap after
Heap after GC invocations=11 (full 1):
 PSYoungGen      total 419840K, used 50677K [0x000000076ad80000, 0x0000000789800000, 0x00000007c0000000)
  eden space 369152K, 0% used [0x000000076ad80000,0x000000076ad80000,0x0000000781600000)
  from space 50688K, 99% used [0x0000000786600000,0x000000078977d470,0x0000000789780000)
  to   space 66560K, 0% used [0x0000000781600000,0x0000000781600000,0x0000000785700000)
 ParOldGen       total 99840K, used 75914K [0x00000006c0800000, 0x00000006c6980000, 0x000000076ad80000)
  object space 99840K, 76% used [0x00000006c0800000,0x00000006c5222a08,0x00000006c6980000)
 Metaspace       used 26313K, capacity 26654K, committed 26752K, reserved 1073152K
  class space    used 2833K, capacity 2913K, committed 2944K, reserved 1048576K
}
Event: 177.369 GC heap before
{Heap before GC invocations=12 (full 2):
 PSYoungGen      total 419840K, used 50677K [0x000000076ad80000, 0x0000000789800000, 0x00000007c0000000)
  eden space 369152K, 0% used [0x000000076ad80000,0x000000076ad80000,0x0000000781600000)
  from space 50688K, 99% used [0x0000000786600000,0x000000078977d470,0x0000000789780000)
  to   space 66560K, 0% used [0x0000000781600000,0x0000000781600000,0x0000000785700000)
 ParOldGen       total 99840K, used 75914K [0x00000006c0800000, 0x00000006c6980000, 0x000000076ad80000)
  object space 99840K, 76% used [0x00000006c0800000,0x00000006c5222a08,0x00000006c6980000)
 Metaspace       used 26313K, capacity 26654K, committed 26752K, reserved 1073152K
  class space    used 2833K, capacity 2913K, committed 2944K, reserved 1048576K
Event: 177.545 GC heap after
Heap after GC invocations=12 (full 2):
 PSYoungGen      total 419840K, used 18579K [0x000000076ad80000, 0x0000000789800000, 0x00000007c0000000)
  eden space 369152K, 0% used [0x000000076ad80000,0x000000076ad80000,0x0000000781600000)
  from space 50688K, 36% used [0x0000000786600000,0x0000000787824d10,0x0000000789780000)
  to   space 66560K, 0% used [0x0000000781600000,0x0000000781600000,0x0000000785700000)
 ParOldGen       total 198656K, used 99367K [0x00000006c0800000, 0x00000006cca00000, 0x000000076ad80000)
  object space 198656K, 50% used [0x00000006c0800000,0x00000006c6909e50,0x00000006cca00000)
 Metaspace       used 26283K, capacity 26606K, committed 26752K, reserved 1073152K
  class space    used 2829K, capacity 2905K, committed 2944K, reserved 1048576K
}
Event: 221.446 GC heap before
{Heap before GC invocations=13 (full 2):
 PSYoungGen      total 419840K, used 387731K [0x000000076ad80000, 0x0000000789800000, 0x00000007c0000000)
  eden space 369152K, 100% used [0x000000076ad80000,0x0000000781600000,0x0000000781600000)
  from space 50688K, 36% used [0x0000000786600000,0x0000000787824d10,0x0000000789780000)
  to   space 66560K, 0% used [0x0000000781600000,0x0000000781600000,0x0000000785700000)
 ParOldGen       total 198656K, used 99367K [0x00000006c0800000, 0x00000006cca00000, 0x000000076ad80000)
  object space 198656K, 50% used [0x00000006c0800000,0x00000006c6909e50,0x00000006cca00000)
 Metaspace       used 26293K, capacity 26606K, committed 26752K, reserved 1073152K
  class space    used 2829K, capacity 2905K, committed 2944K, reserved 1048576K
Event: 221.478 GC heap after
Heap after GC invocations=13 (full 2):
 PSYoungGen      total 386048K, used 32093K [0x000000076ad80000, 0x0000000788200000, 0x00000007c0000000)
  eden space 353792K, 0% used [0x000000076ad80000,0x000000076ad80000,0x0000000780700000)
  from space 32256K, 99% used [0x0000000781600000,0x0000000783557658,0x0000000783580000)
  to   space 62976K, 0% used [0x0000000784480000,0x0000000784480000,0x0000000788200000)
 ParOldGen       total 198656K, used 103196K [0x00000006c0800000, 0x00000006cca00000, 0x000000076ad80000)
  object space 198656K, 51% used [0x00000006c0800000,0x00000006c6cc7100,0x00000006cca00000)
 Metaspace       used 26293K, capacity 26606K, committed 26752K, reserved 1073152K
  class space    used 2829K, capacity 2905K, committed 2944K, reserved 1048576K
}
Event: 266.169 GC heap before
{Heap before GC invocations=14 (full 2):
 PSYoungGen      total 386048K, used 385885K [0x000000076ad80000, 0x0000000788200000, 0x00000007c0000000)
  eden space 353792K, 100% used [0x000000076ad80000,0x0000000780700000,0x0000000780700000)
  from space 32256K, 99% used [0x0000000781600000,0x0000000783557658,0x0000000783580000)
  to   space 62976K, 0% used [0x0000000784480000,0x0000000784480000,0x0000000788200000)
 ParOldGen       total 198656K, used 103196K [0x00000006c0800000, 0x00000006cca00000, 0x000000076ad80000)
  object space 198656K, 51% used [0x00000006c0800000,0x00000006c6cc7100,0x00000006cca00000)
 Metaspace       used 26343K, capacity 26670K, committed 27008K, reserved 1073152K
  class space    used 2830K, capacity 2905K, committed 2944K, reserved 1048576K
Event: 266.188 GC heap after
Heap after GC invocations=14 (full 2):
 PSYoungGen      total 381952K, used 30858K [0x000000076ad80000, 0x0000000786e00000, 0x00000007c0000000)
  eden space 339456K, 0% used [0x000000076ad80000,0x000000076ad80000,0x000000077f900000)
  from space 42496K, 72% used [0x0000000784480000,0x00000007862a29b8,0x0000000786e00000)
  to   space 59904K, 0% used [0x000000077f900000,0x000000077f900000,0x0000000783380000)
 ParOldGen       total 198656K, used 123061K [0x00000006c0800000, 0x00000006cca00000, 0x000000076ad80000)
  object space 198656K, 61% used [0x00000006c0800000,0x00000006c802d4f0,0x00000006cca00000)
 Metaspace       used 26343K, capacity 26670K, committed 27008K, reserved 1073152K
  class space    used 2830K, capacity 2905K, committed 2944K, reserved 1048576K
}
Event: 311.011 GC heap before
{Heap before GC invocations=15 (full 2):
 PSYoungGen      total 381952K, used 370314K [0x000000076ad80000, 0x0000000786e00000, 0x00000007c0000000)
  eden space 339456K, 100% used [0x000000076ad80000,0x000000077f900000,0x000000077f900000)
  from space 42496K, 72% used [0x0000000784480000,0x00000007862a29b8,0x0000000786e00000)
  to   space 59904K, 0% used [0x000000077f900000,0x000000077f900000,0x0000000783380000)
 ParOldGen       total 198656K, used 123061K [0x00000006c0800000, 0x00000006cca00000, 0x000000076ad80000)
  object space 198656K, 61% used [0x00000006c0800000,0x00000006c802d4f0,0x00000006cca00000)
 Metaspace       used 26355K, capacity 26670K, committed 27008K, reserved 1073152K
  class space    used 2830K, capacity 2905K, committed 2944K, reserved 1048576K
Event: 311.029 GC heap after
Heap after GC invocations=15 (full 2):
 PSYoungGen      total 355840K, used 29696K [0x000000076ad80000, 0x0000000785c80000, 0x00000007c0000000)
  eden space 325632K, 0% used [0x000000076ad80000,0x000000076ad80000,0x000000077eb80000)
  from space 30208K, 98% used [0x000000077f900000,0x00000007816002d0,0x0000000781680000)
  to   space 57856K, 0% used [0x0000000782400000,0x0000000782400000,0x0000000785c80000)
 ParOldGen       total 198656K, used 141983K [0x00000006c0800000, 0x00000006cca00000, 0x000000076ad80000)
  object space 198656K, 71% used [0x00000006c0800000,0x00000006c92a7ea0,0x00000006cca00000)
 Metaspace       used 26355K, capacity 26670K, committed 27008K, reserved 1073152K
  class space    used 2830K, capacity 2905K, committed 2944K, reserved 1048576K
}

